CRITICAL - 2026-01-18 13:00:05 --> CodeIgniter\View\Exceptions\ViewException: Invalid file: "inicio.php"
[Method: GET, Route: /]
in SYSTEMPATH\Exceptions\FrameworkException.php on line 39.
 1 SYSTEMPATH\View\View.php(214): CodeIgniter\Exceptions\FrameworkException::forInvalidFile('inicio.php')
 2 SYSTEMPATH\Common.php(1199): CodeIgniter\View\View->render('inicio', [], true)
 3 APPPATH\Controllers\Home.php(11): view('inicio')
 4 SYSTEMPATH\CodeIgniter.php(933): App\Controllers\Home->index()
 5 SYSTEMPATH\CodeIgniter.php(507): CodeIgniter\CodeIgniter->runController(Object(App\Controllers\Home))
 6 SYSTEMPATH\CodeIgniter.php(354): CodeIgniter\CodeIgniter->handleRequest(null, Object(Config\Cache), false)
 7 SYSTEMPATH\Boot.php(363): CodeIgniter\CodeIgniter->run()
 8 SYSTEMPATH\Boot.php(68): CodeIgniter\Boot::runCodeIgniter(Object(CodeIgniter\CodeIgniter))
 9 FCPATH\index.php(59): CodeIgniter\Boot::bootWeb(Object(Config\Paths))
CRITICAL - 2026-01-18 13:00:11 --> CodeIgniter\View\Exceptions\ViewException: Invalid file: "inicio.php"
[Method: GET, Route: /]
in SYSTEMPATH\Exceptions\FrameworkException.php on line 39.
 1 SYSTEMPATH\View\View.php(214): CodeIgniter\Exceptions\FrameworkException::forInvalidFile('inicio.php')
 2 SYSTEMPATH\Common.php(1199): CodeIgniter\View\View->render('inicio', [], true)
 3 APPPATH\Controllers\Home.php(11): view('inicio')
 4 SYSTEMPATH\CodeIgniter.php(933): App\Controllers\Home->index()
 5 SYSTEMPATH\CodeIgniter.php(507): CodeIgniter\CodeIgniter->runController(Object(App\Controllers\Home))
 6 SYSTEMPATH\CodeIgniter.php(354): CodeIgniter\CodeIgniter->handleRequest(null, Object(Config\Cache), false)
 7 SYSTEMPATH\Boot.php(363): CodeIgniter\CodeIgniter->run()
 8 SYSTEMPATH\Boot.php(68): CodeIgniter\Boot::runCodeIgniter(Object(CodeIgniter\CodeIgniter))
 9 FCPATH\index.php(59): CodeIgniter\Boot::bootWeb(Object(Config\Paths))
CRITICAL - 2026-01-18 13:03:03 --> CodeIgniter\View\Exceptions\ViewException: Invalid file: "inicio.php"
[Method: GET, Route: /]
in SYSTEMPATH\Exceptions\FrameworkException.php on line 39.
 1 SYSTEMPATH\View\View.php(214): CodeIgniter\Exceptions\FrameworkException::forInvalidFile('inicio.php')
 2 SYSTEMPATH\Common.php(1199): CodeIgniter\View\View->render('inicio', [], true)
 3 APPPATH\Controllers\Home.php(11): view('inicio')
 4 SYSTEMPATH\CodeIgniter.php(933): App\Controllers\Home->index()
 5 SYSTEMPATH\CodeIgniter.php(507): CodeIgniter\CodeIgniter->runController(Object(App\Controllers\Home))
 6 SYSTEMPATH\CodeIgniter.php(354): CodeIgniter\CodeIgniter->handleRequest(null, Object(Config\Cache), false)
 7 SYSTEMPATH\Boot.php(363): CodeIgniter\CodeIgniter->run()
 8 SYSTEMPATH\Boot.php(68): CodeIgniter\Boot::runCodeIgniter(Object(CodeIgniter\CodeIgniter))
 9 FCPATH\index.php(59): CodeIgniter\Boot::bootWeb(Object(Config\Paths))
CRITICAL - 2026-01-18 13:05:25 --> CodeIgniter\View\Exceptions\ViewException: Invalid file: "inicio.php"
[Method: GET, Route: /]
in SYSTEMPATH\Exceptions\FrameworkException.php on line 39.
 1 SYSTEMPATH\View\View.php(214): CodeIgniter\Exceptions\FrameworkException::forInvalidFile('inicio.php')
 2 SYSTEMPATH\Common.php(1199): CodeIgniter\View\View->render('inicio', [], true)
 3 APPPATH\Controllers\Home.php(11): view('inicio')
 4 SYSTEMPATH\CodeIgniter.php(933): App\Controllers\Home->index()
 5 SYSTEMPATH\CodeIgniter.php(507): CodeIgniter\CodeIgniter->runController(Object(App\Controllers\Home))
 6 SYSTEMPATH\CodeIgniter.php(354): CodeIgniter\CodeIgniter->handleRequest(null, Object(Config\Cache), false)
 7 SYSTEMPATH\Boot.php(363): CodeIgniter\CodeIgniter->run()
 8 SYSTEMPATH\Boot.php(68): CodeIgniter\Boot::runCodeIgniter(Object(CodeIgniter\CodeIgniter))
 9 FCPATH\index.php(59): CodeIgniter\Boot::bootWeb(Object(Config\Paths))
CRITICAL - 2026-01-18 14:12:17 --> CodeIgniter\Pager\Exceptions\PagerException: "default_bootstrap" is not a valid Pager template.
[Method: GET, Route: ejercicios]
in SYSTEMPATH\Pager\Pager.php on line 124.
 1 SYSTEMPATH\Pager\Pager.php(124): CodeIgniter\Pager\Exceptions\PagerException::forInvalidTemplate('default_bootstrap')
 2 SYSTEMPATH\Pager\Pager.php(87): CodeIgniter\Pager\Pager->displayLinks('default', 'default_bootstrap')
 3 APPPATH\Views\ejercicios\index.php(107): CodeIgniter\Pager\Pager->links('default', 'default_bootstrap')
 4 SYSTEMPATH\View\View.php(226): include('C:\\xampp\\htdocs\\gym\\app\\Views\\ejercicios\\index.php')
 5 SYSTEMPATH\View\View.php(229): CodeIgniter\View\View->CodeIgniter\View\{closure}()
 6 SYSTEMPATH\Common.php(1199): CodeIgniter\View\View->render('ejercicios/index', [], true)
 7 APPPATH\Controllers\Ejercicios.php(31): view('ejercicios/index')
 8 SYSTEMPATH\CodeIgniter.php(933): App\Controllers\Ejercicios->index()
 9 SYSTEMPATH\CodeIgniter.php(507): CodeIgniter\CodeIgniter->runController(Object(App\Controllers\Ejercicios))
10 SYSTEMPATH\CodeIgniter.php(354): CodeIgniter\CodeIgniter->handleRequest(null, Object(Config\Cache), false)
11 SYSTEMPATH\Boot.php(363): CodeIgniter\CodeIgniter->run()
12 SYSTEMPATH\Boot.php(68): CodeIgniter\Boot::runCodeIgniter(Object(CodeIgniter\CodeIgniter))
13 FCPATH\index.php(59): CodeIgniter\Boot::bootWeb(Object(Config\Paths))
CRITICAL - 2026-01-18 14:19:49 --> CodeIgniter\Exceptions\BadMethodCallException: Call to undefined method App\Models\EjercicioModel::prepararConsulta
[Method: GET, Route: ejercicios]
in SYSTEMPATH\Model.php on line 927.
 1 APPPATH\Controllers\Ejercicios.php(27): CodeIgniter\Model->__call('prepararConsulta', [...])
 2 SYSTEMPATH\CodeIgniter.php(933): App\Controllers\Ejercicios->index()
 3 SYSTEMPATH\CodeIgniter.php(507): CodeIgniter\CodeIgniter->runController(Object(App\Controllers\Ejercicios))
 4 SYSTEMPATH\CodeIgniter.php(354): CodeIgniter\CodeIgniter->handleRequest(null, Object(Config\Cache), false)
 5 SYSTEMPATH\Boot.php(363): CodeIgniter\CodeIgniter->run()
 6 SYSTEMPATH\Boot.php(68): CodeIgniter\Boot::runCodeIgniter(Object(CodeIgniter\CodeIgniter))
 7 FCPATH\index.php(59): CodeIgniter\Boot::bootWeb(Object(Config\Paths))
CRITICAL - 2026-01-18 14:19:52 --> CodeIgniter\Exceptions\BadMethodCallException: Call to undefined method App\Models\EjercicioModel::prepararConsulta
[Method: GET, Route: ejercicios]
in SYSTEMPATH\Model.php on line 927.
 1 APPPATH\Controllers\Ejercicios.php(27): CodeIgniter\Model->__call('prepararConsulta', [...])
 2 SYSTEMPATH\CodeIgniter.php(933): App\Controllers\Ejercicios->index()
 3 SYSTEMPATH\CodeIgniter.php(507): CodeIgniter\CodeIgniter->runController(Object(App\Controllers\Ejercicios))
 4 SYSTEMPATH\CodeIgniter.php(354): CodeIgniter\CodeIgniter->handleRequest(null, Object(Config\Cache), false)
 5 SYSTEMPATH\Boot.php(363): CodeIgniter\CodeIgniter->run()
 6 SYSTEMPATH\Boot.php(68): CodeIgniter\Boot::runCodeIgniter(Object(CodeIgniter\CodeIgniter))
 7 FCPATH\index.php(59): CodeIgniter\Boot::bootWeb(Object(Config\Paths))
ERROR - 2026-01-18 14:21:11 --> mysqli_sql_exception: Not unique table/alias: 'grupos_musculares' in C:\xampp\htdocs\gym\system\Database\MySQLi\Connection.php:327
Stack trace:
#0 C:\xampp\htdocs\gym\system\Database\MySQLi\Connection.php(327): mysqli->query('SELECT COUNT(*)...', 0)
#1 C:\xampp\htdocs\gym\system\Database\BaseConnection.php(729): CodeIgniter\Database\MySQLi\Connection->execute('SELECT COUNT(*)...')
#2 C:\xampp\htdocs\gym\system\Database\BaseConnection.php(646): CodeIgniter\Database\BaseConnection->simpleQuery('SELECT COUNT(*)...')
#3 C:\xampp\htdocs\gym\system\Database\BaseBuilder.php(1733): CodeIgniter\Database\BaseConnection->query('SELECT COUNT(*)...', Array, false)
#4 C:\xampp\htdocs\gym\system\Model.php(675): CodeIgniter\Database\BaseBuilder->countAllResults(true)
#5 C:\xampp\htdocs\gym\app\Controllers\Ejercicios.php(29): CodeIgniter\Model->countAllResults()
#6 C:\xampp\htdocs\gym\system\CodeIgniter.php(933): App\Controllers\Ejercicios->index()
#7 C:\xampp\htdocs\gym\system\CodeIgniter.php(507): CodeIgniter\CodeIgniter->runController(Object(App\Controllers\Ejercicios))
#8 C:\xampp\htdocs\gym\system\CodeIgniter.php(354): CodeIgniter\CodeIgniter->handleRequest(NULL, Object(Config\Cache), false)
#9 C:\xampp\htdocs\gym\system\Boot.php(363): CodeIgniter\CodeIgniter->run()
#10 C:\xampp\htdocs\gym\system\Boot.php(68): CodeIgniter\Boot::runCodeIgniter(Object(CodeIgniter\CodeIgniter))
#11 C:\xampp\htdocs\gym\public\index.php(59): CodeIgniter\Boot::bootWeb(Object(Config\Paths))
#12 {main}
CRITICAL - 2026-01-18 14:21:11 --> CodeIgniter\Database\Exceptions\DatabaseException: Not unique table/alias: 'grupos_musculares'
[Method: GET, Route: ejercicios]
in SYSTEMPATH\Database\BaseConnection.php on line 684.
 1 SYSTEMPATH\Database\BaseBuilder.php(1733): CodeIgniter\Database\BaseConnection->query('SELECT COUNT(*) AS `numrows`
FROM `ejercicios`
JOIN `grupos_musculares` ON `ejercicios`.`id_grupo` = `grupos_musculares`.`id`
JOIN `grupos_musculares` ON `ejercicios`.`id_grupo` = `grupos_musculares`.`id`
WHERE `ejercicios`.`dificultad` = :ejercicios.dificultad:
AND `ejercicios`.`dificultad` = :ejercicios.dificultad.1:', [...], false)
 2 SYSTEMPATH\Model.php(675): CodeIgniter\Database\BaseBuilder->countAllResults(true)
 3 APPPATH\Controllers\Ejercicios.php(29): CodeIgniter\Model->countAllResults()
 4 SYSTEMPATH\CodeIgniter.php(933): App\Controllers\Ejercicios->index()
 5 SYSTEMPATH\CodeIgniter.php(507): CodeIgniter\CodeIgniter->runController(Object(App\Controllers\Ejercicios))
 6 SYSTEMPATH\CodeIgniter.php(354): CodeIgniter\CodeIgniter->handleRequest(null, Object(Config\Cache), false)
 7 SYSTEMPATH\Boot.php(363): CodeIgniter\CodeIgniter->run()
 8 SYSTEMPATH\Boot.php(68): CodeIgniter\Boot::runCodeIgniter(Object(CodeIgniter\CodeIgniter))
 9 FCPATH\index.php(59): CodeIgniter\Boot::bootWeb(Object(Config\Paths))
CRITICAL - 2026-01-18 14:21:11 --> [Caused by] CodeIgniter\Database\Exceptions\DatabaseException: Not unique table/alias: 'grupos_musculares'
in SYSTEMPATH\Database\MySQLi\Connection.php on line 332.
 1 SYSTEMPATH\Database\BaseConnection.php(729): CodeIgniter\Database\MySQLi\Connection->execute('SELECT COUNT(*) AS `numrows`
FROM `ejercicios`
JOIN `grupos_musculares` ON `ejercicios`.`id_grupo` = `grupos_musculares`.`id`
JOIN `grupos_musculares` ON `ejercicios`.`id_grupo` = `grupos_musculares`.`id`
WHERE `ejercicios`.`dificultad` = \'Media\'
AND `ejercicios`.`dificultad` = \'Media\'')
 2 SYSTEMPATH\Database\BaseConnection.php(646): CodeIgniter\Database\BaseConnection->simpleQuery('SELECT COUNT(*) AS `numrows`
FROM `ejercicios`
JOIN `grupos_musculares` ON `ejercicios`.`id_grupo` = `grupos_musculares`.`id`
JOIN `grupos_musculares` ON `ejercicios`.`id_grupo` = `grupos_musculares`.`id`
WHERE `ejercicios`.`dificultad` = \'Media\'
AND `ejercicios`.`dificultad` = \'Media\'')
 3 SYSTEMPATH\Database\BaseBuilder.php(1733): CodeIgniter\Database\BaseConnection->query('SELECT COUNT(*) AS `numrows`
FROM `ejercicios`
JOIN `grupos_musculares` ON `ejercicios`.`id_grupo` = `grupos_musculares`.`id`
JOIN `grupos_musculares` ON `ejercicios`.`id_grupo` = `grupos_musculares`.`id`
WHERE `ejercicios`.`dificultad` = :ejercicios.dificultad:
AND `ejercicios`.`dificultad` = :ejercicios.dificultad.1:', [...], false)
 4 SYSTEMPATH\Model.php(675): CodeIgniter\Database\BaseBuilder->countAllResults(true)
 5 APPPATH\Controllers\Ejercicios.php(29): CodeIgniter\Model->countAllResults()
 6 SYSTEMPATH\CodeIgniter.php(933): App\Controllers\Ejercicios->index()
 7 SYSTEMPATH\CodeIgniter.php(507): CodeIgniter\CodeIgniter->runController(Object(App\Controllers\Ejercicios))
 8 SYSTEMPATH\CodeIgniter.php(354): CodeIgniter\CodeIgniter->handleRequest(null, Object(Config\Cache), false)
 9 SYSTEMPATH\Boot.php(363): CodeIgniter\CodeIgniter->run()
10 SYSTEMPATH\Boot.php(68): CodeIgniter\Boot::runCodeIgniter(Object(CodeIgniter\CodeIgniter))
11 FCPATH\index.php(59): CodeIgniter\Boot::bootWeb(Object(Config\Paths))
CRITICAL - 2026-01-18 14:21:11 --> [Caused by] mysqli_sql_exception: Not unique table/alias: 'grupos_musculares'
in SYSTEMPATH\Database\MySQLi\Connection.php on line 327.
 1 SYSTEMPATH\Database\MySQLi\Connection.php(327): mysqli->query('SELECT COUNT(*) AS `numrows`
FROM `ejercicios`
JOIN `grupos_musculares` ON `ejercicios`.`id_grupo` = `grupos_musculares`.`id`
JOIN `grupos_musculares` ON `ejercicios`.`id_grupo` = `grupos_musculares`.`id`
WHERE `ejercicios`.`dificultad` = \'Media\'
AND `ejercicios`.`dificultad` = \'Media\'', 0)
 2 SYSTEMPATH\Database\BaseConnection.php(729): CodeIgniter\Database\MySQLi\Connection->execute('SELECT COUNT(*) AS `numrows`
FROM `ejercicios`
JOIN `grupos_musculares` ON `ejercicios`.`id_grupo` = `grupos_musculares`.`id`
JOIN `grupos_musculares` ON `ejercicios`.`id_grupo` = `grupos_musculares`.`id`
WHERE `ejercicios`.`dificultad` = \'Media\'
AND `ejercicios`.`dificultad` = \'Media\'')
 3 SYSTEMPATH\Database\BaseConnection.php(646): CodeIgniter\Database\BaseConnection->simpleQuery('SELECT COUNT(*) AS `numrows`
FROM `ejercicios`
JOIN `grupos_musculares` ON `ejercicios`.`id_grupo` = `grupos_musculares`.`id`
JOIN `grupos_musculares` ON `ejercicios`.`id_grupo` = `grupos_musculares`.`id`
WHERE `ejercicios`.`dificultad` = \'Media\'
AND `ejercicios`.`dificultad` = \'Media\'')
 4 SYSTEMPATH\Database\BaseBuilder.php(1733): CodeIgniter\Database\BaseConnection->query('SELECT COUNT(*) AS `numrows`
FROM `ejercicios`
JOIN `grupos_musculares` ON `ejercicios`.`id_grupo` = `grupos_musculares`.`id`
JOIN `grupos_musculares` ON `ejercicios`.`id_grupo` = `grupos_musculares`.`id`
WHERE `ejercicios`.`dificultad` = :ejercicios.dificultad:
AND `ejercicios`.`dificultad` = :ejercicios.dificultad.1:', [...], false)
 5 SYSTEMPATH\Model.php(675): CodeIgniter\Database\BaseBuilder->countAllResults(true)
 6 APPPATH\Controllers\Ejercicios.php(29): CodeIgniter\Model->countAllResults()
 7 SYSTEMPATH\CodeIgniter.php(933): App\Controllers\Ejercicios->index()
 8 SYSTEMPATH\CodeIgniter.php(507): CodeIgniter\CodeIgniter->runController(Object(App\Controllers\Ejercicios))
 9 SYSTEMPATH\CodeIgniter.php(354): CodeIgniter\CodeIgniter->handleRequest(null, Object(Config\Cache), false)
10 SYSTEMPATH\Boot.php(363): CodeIgniter\CodeIgniter->run()
11 SYSTEMPATH\Boot.php(68): CodeIgniter\Boot::runCodeIgniter(Object(CodeIgniter\CodeIgniter))
12 FCPATH\index.php(59): CodeIgniter\Boot::bootWeb(Object(Config\Paths))
