ERROR - 2026-01-27 10:34:02 --> mysqli_sql_exception: Unknown column 'peliculas.nombre' in 'field list' in /var/www/html/adrian/servidor/disney/system/Database/MySQLi/Connection.php:327
Stack trace:
#0 /var/www/html/adrian/servidor/disney/system/Database/MySQLi/Connection.php(327): mysqli->query()
#1 /var/www/html/adrian/servidor/disney/system/Database/BaseConnection.php(729): CodeIgniter\Database\MySQLi\Connection->execute()
#2 /var/www/html/adrian/servidor/disney/system/Database/BaseConnection.php(646): CodeIgniter\Database\BaseConnection->simpleQuery()
#3 /var/www/html/adrian/servidor/disney/system/Database/BaseBuilder.php(1649): CodeIgniter\Database\BaseConnection->query()
#4 /var/www/html/adrian/servidor/disney/system/Model.php(286): CodeIgniter\Database\BaseBuilder->get()
#5 /var/www/html/adrian/servidor/disney/system/BaseModel.php(677): CodeIgniter\Model->doFindAll()
#6 /var/www/html/adrian/servidor/disney/app/Models/PersonajeModel.php(23): CodeIgniter\BaseModel->findAll()
#7 /var/www/html/adrian/servidor/disney/app/Controllers/Personajes.php(15): App\Models\PersonajeModel->getPersonajes()
#8 /var/www/html/adrian/servidor/disney/system/CodeIgniter.php(933): App\Controllers\Personajes->index()
#9 /var/www/html/adrian/servidor/disney/system/CodeIgniter.php(507): CodeIgniter\CodeIgniter->runController()
#10 /var/www/html/adrian/servidor/disney/system/CodeIgniter.php(354): CodeIgniter\CodeIgniter->handleRequest()
#11 /var/www/html/adrian/servidor/disney/system/Boot.php(363): CodeIgniter\CodeIgniter->run()
#12 /var/www/html/adrian/servidor/disney/system/Boot.php(68): CodeIgniter\Boot::runCodeIgniter()
#13 /var/www/html/adrian/servidor/disney/public/index.php(59): CodeIgniter\Boot::bootWeb()
#14 {main}
CRITICAL - 2026-01-27 10:34:02 --> CodeIgniter\Database\Exceptions\DatabaseException: Unknown column 'peliculas.nombre' in 'field list'
[Method: GET, Route: /]
in SYSTEMPATH/Database/BaseConnection.php on line 684.
 1 SYSTEMPATH/Database/BaseBuilder.php(1649): CodeIgniter\Database\BaseConnection->query()
 2 SYSTEMPATH/Model.php(286): CodeIgniter\Database\BaseBuilder->get()
 3 SYSTEMPATH/BaseModel.php(677): CodeIgniter\Model->doFindAll()
 4 APPPATH/Models/PersonajeModel.php(23): CodeIgniter\BaseModel->findAll()
 5 APPPATH/Controllers/Personajes.php(15): App\Models\PersonajeModel->getPersonajes()
 6 SYSTEMPATH/CodeIgniter.php(933): App\Controllers\Personajes->index()
 7 SYSTEMPATH/CodeIgniter.php(507): CodeIgniter\CodeIgniter->runController()
 8 SYSTEMPATH/CodeIgniter.php(354): CodeIgniter\CodeIgniter->handleRequest()
 9 SYSTEMPATH/Boot.php(363): CodeIgniter\CodeIgniter->run()
10 SYSTEMPATH/Boot.php(68): CodeIgniter\Boot::runCodeIgniter()
11 FCPATH/index.php(59): CodeIgniter\Boot::bootWeb()
CRITICAL - 2026-01-27 10:34:02 --> [Caused by] CodeIgniter\Database\Exceptions\DatabaseException: Unknown column 'peliculas.nombre' in 'field list'
in SYSTEMPATH/Database/MySQLi/Connection.php on line 332.
 1 SYSTEMPATH/Database/BaseConnection.php(729): CodeIgniter\Database\MySQLi\Connection->execute()
 2 SYSTEMPATH/Database/BaseConnection.php(646): CodeIgniter\Database\BaseConnection->simpleQuery()
 3 SYSTEMPATH/Database/BaseBuilder.php(1649): CodeIgniter\Database\BaseConnection->query()
 4 SYSTEMPATH/Model.php(286): CodeIgniter\Database\BaseBuilder->get()
 5 SYSTEMPATH/BaseModel.php(677): CodeIgniter\Model->doFindAll()
 6 APPPATH/Models/PersonajeModel.php(23): CodeIgniter\BaseModel->findAll()
 7 APPPATH/Controllers/Personajes.php(15): App\Models\PersonajeModel->getPersonajes()
 8 SYSTEMPATH/CodeIgniter.php(933): App\Controllers\Personajes->index()
 9 SYSTEMPATH/CodeIgniter.php(507): CodeIgniter\CodeIgniter->runController()
10 SYSTEMPATH/CodeIgniter.php(354): CodeIgniter\CodeIgniter->handleRequest()
11 SYSTEMPATH/Boot.php(363): CodeIgniter\CodeIgniter->run()
12 SYSTEMPATH/Boot.php(68): CodeIgniter\Boot::runCodeIgniter()
13 FCPATH/index.php(59): CodeIgniter\Boot::bootWeb()
CRITICAL - 2026-01-27 10:34:02 --> [Caused by] mysqli_sql_exception: Unknown column 'peliculas.nombre' in 'field list'
in SYSTEMPATH/Database/MySQLi/Connection.php on line 327.
 1 SYSTEMPATH/Database/MySQLi/Connection.php(327): mysqli->query()
 2 SYSTEMPATH/Database/BaseConnection.php(729): CodeIgniter\Database\MySQLi\Connection->execute()
 3 SYSTEMPATH/Database/BaseConnection.php(646): CodeIgniter\Database\BaseConnection->simpleQuery()
 4 SYSTEMPATH/Database/BaseBuilder.php(1649): CodeIgniter\Database\BaseConnection->query()
 5 SYSTEMPATH/Model.php(286): CodeIgniter\Database\BaseBuilder->get()
 6 SYSTEMPATH/BaseModel.php(677): CodeIgniter\Model->doFindAll()
 7 APPPATH/Models/PersonajeModel.php(23): CodeIgniter\BaseModel->findAll()
 8 APPPATH/Controllers/Personajes.php(15): App\Models\PersonajeModel->getPersonajes()
 9 SYSTEMPATH/CodeIgniter.php(933): App\Controllers\Personajes->index()
10 SYSTEMPATH/CodeIgniter.php(507): CodeIgniter\CodeIgniter->runController()
11 SYSTEMPATH/CodeIgniter.php(354): CodeIgniter\CodeIgniter->handleRequest()
12 SYSTEMPATH/Boot.php(363): CodeIgniter\CodeIgniter->run()
13 SYSTEMPATH/Boot.php(68): CodeIgniter\Boot::runCodeIgniter()
14 FCPATH/index.php(59): CodeIgniter\Boot::bootWeb()
CRITICAL - 2026-01-27 12:41:22 --> ErrorException: Undefined variable $personajes_item
[Method: GET, Route: personajes/1]
in APPPATH/Views/personajes/view.php on line 5.
 1 APPPATH/Views/personajes/view.php(5): CodeIgniter\Debug\Exceptions->errorHandler()
 2 SYSTEMPATH/View/View.php(226): include('/var/www/html/adrian/servidor/disney/app/Views/personajes/view.php')
 3 SYSTEMPATH/View/View.php(229): CodeIgniter\View\View->{closure:CodeIgniter\View\View::render():223}()
 4 SYSTEMPATH/Common.php(1199): CodeIgniter\View\View->render()
 5 APPPATH/Controllers/Personajes.php(110): view()
 6 SYSTEMPATH/CodeIgniter.php(933): App\Controllers\Personajes->show()
 7 SYSTEMPATH/CodeIgniter.php(507): CodeIgniter\CodeIgniter->runController()
 8 SYSTEMPATH/CodeIgniter.php(354): CodeIgniter\CodeIgniter->handleRequest()
 9 SYSTEMPATH/Boot.php(363): CodeIgniter\CodeIgniter->run()
10 SYSTEMPATH/Boot.php(68): CodeIgniter\Boot::runCodeIgniter()
11 FCPATH/index.php(59): CodeIgniter\Boot::bootWeb()
CRITICAL - 2026-01-27 12:46:59 --> CodeIgniter\Exceptions\BadMethodCallException: Call to undefined method App\Models\PersonajeModel::getPersonaje
[Method: GET, Route: personajes/update/1]
in SYSTEMPATH/Model.php on line 927.
 1 APPPATH/Controllers/Personajes.php(57): CodeIgniter\Model->__call()
 2 SYSTEMPATH/CodeIgniter.php(933): App\Controllers\Personajes->update()
 3 SYSTEMPATH/CodeIgniter.php(507): CodeIgniter\CodeIgniter->runController()
 4 SYSTEMPATH/CodeIgniter.php(354): CodeIgniter\CodeIgniter->handleRequest()
 5 SYSTEMPATH/Boot.php(363): CodeIgniter\CodeIgniter->run()
 6 SYSTEMPATH/Boot.php(68): CodeIgniter\Boot::runCodeIgniter()
 7 FCPATH/index.php(59): CodeIgniter\Boot::bootWeb()
CRITICAL - 2026-01-27 12:49:57 --> Error: Call to a member function findAll() on null
[Method: GET, Route: personajes/update/1]
in APPPATH/Controllers/Personajes.php on line 58.
 1 SYSTEMPATH/CodeIgniter.php(933): App\Controllers\Personajes->update()
 2 SYSTEMPATH/CodeIgniter.php(507): CodeIgniter\CodeIgniter->runController()
 3 SYSTEMPATH/CodeIgniter.php(354): CodeIgniter\CodeIgniter->handleRequest()
 4 SYSTEMPATH/Boot.php(363): CodeIgniter\CodeIgniter->run()
 5 SYSTEMPATH/Boot.php(68): CodeIgniter\Boot::runCodeIgniter()
 6 FCPATH/index.php(59): CodeIgniter\Boot::bootWeb()
CRITICAL - 2026-01-27 12:50:36 --> Error: Call to a member function getPeliculas() on null
[Method: GET, Route: personajes/update/1]
in APPPATH/Controllers/Personajes.php on line 58.
 1 SYSTEMPATH/CodeIgniter.php(933): App\Controllers\Personajes->update()
 2 SYSTEMPATH/CodeIgniter.php(507): CodeIgniter\CodeIgniter->runController()
 3 SYSTEMPATH/CodeIgniter.php(354): CodeIgniter\CodeIgniter->handleRequest()
 4 SYSTEMPATH/Boot.php(363): CodeIgniter\CodeIgniter->run()
 5 SYSTEMPATH/Boot.php(68): CodeIgniter\Boot::runCodeIgniter()
 6 FCPATH/index.php(59): CodeIgniter\Boot::bootWeb()
CRITICAL - 2026-01-27 19:39:48 --> Error: Call to a member function getPeliculas() on null
[Method: GET, Route: personajes/update/1]
in APPPATH\Controllers\Personajes.php on line 58.
 1 SYSTEMPATH\CodeIgniter.php(933): App\Controllers\Personajes->update('1')
 2 SYSTEMPATH\CodeIgniter.php(507): CodeIgniter\CodeIgniter->runController(Object(App\Controllers\Personajes))
 3 SYSTEMPATH\CodeIgniter.php(354): CodeIgniter\CodeIgniter->handleRequest(null, Object(Config\Cache), false)
 4 SYSTEMPATH\Boot.php(363): CodeIgniter\CodeIgniter->run()
 5 SYSTEMPATH\Boot.php(68): CodeIgniter\Boot::runCodeIgniter(Object(CodeIgniter\CodeIgniter))
 6 FCPATH\index.php(59): CodeIgniter\Boot::bootWeb(Object(Config\Paths))
DEBUG - 2026-01-27 19:49:02 --> Session: Class initialized using 'CodeIgniter\Session\Handlers\FileHandler' driver.
DEBUG - 2026-01-27 19:52:58 --> Session: Class initialized using 'CodeIgniter\Session\Handlers\FileHandler' driver.
CRITICAL - 2026-01-27 19:53:00 --> ErrorException: Undefined array key "id_cantante"
[Method: POST, Route: personajes/update/updated/1]
in APPPATH\Controllers\Personajes.php on line 86.
 1 APPPATH\Controllers\Personajes.php(86): CodeIgniter\Debug\Exceptions->errorHandler(2, 'Undefined array key "id_cantante"', 'C:\\xampp\\htdocs\\Servidor\\disney\\app\\Controllers\\Personajes.php', 86)
 2 SYSTEMPATH\CodeIgniter.php(933): App\Controllers\Personajes->updatedItem('1')
 3 SYSTEMPATH\CodeIgniter.php(507): CodeIgniter\CodeIgniter->runController(Object(App\Controllers\Personajes))
 4 SYSTEMPATH\CodeIgniter.php(354): CodeIgniter\CodeIgniter->handleRequest(null, Object(Config\Cache), false)
 5 SYSTEMPATH\Boot.php(363): CodeIgniter\CodeIgniter->run()
 6 SYSTEMPATH\Boot.php(68): CodeIgniter\Boot::runCodeIgniter(Object(CodeIgniter\CodeIgniter))
 7 FCPATH\index.php(59): CodeIgniter\Boot::bootWeb(Object(Config\Paths))
CRITICAL - 2026-01-27 19:54:01 --> CodeIgniter\View\Exceptions\ViewException: Invalid file: "personajes/item.php"
[Method: POST, Route: personajes/update/updated/1]
in SYSTEMPATH\Exceptions\FrameworkException.php on line 39.
 1 SYSTEMPATH\View\View.php(214): CodeIgniter\Exceptions\FrameworkException::forInvalidFile('personajes/item.php')
 2 SYSTEMPATH\Common.php(1199): CodeIgniter\View\View->render('personajes/item', [], true)
 3 APPPATH\Controllers\Personajes.php(92): view('personajes/item')
 4 SYSTEMPATH\CodeIgniter.php(933): App\Controllers\Personajes->updatedItem('1')
 5 SYSTEMPATH\CodeIgniter.php(507): CodeIgniter\CodeIgniter->runController(Object(App\Controllers\Personajes))
 6 SYSTEMPATH\CodeIgniter.php(354): CodeIgniter\CodeIgniter->handleRequest(null, Object(Config\Cache), false)
 7 SYSTEMPATH\Boot.php(363): CodeIgniter\CodeIgniter->run()
 8 SYSTEMPATH\Boot.php(68): CodeIgniter\Boot::runCodeIgniter(Object(CodeIgniter\CodeIgniter))
 9 FCPATH\index.php(59): CodeIgniter\Boot::bootWeb(Object(Config\Paths))
DEBUG - 2026-01-27 19:54:14 --> Session: Class initialized using 'CodeIgniter\Session\Handlers\FileHandler' driver.
CRITICAL - 2026-01-27 19:54:17 --> CodeIgniter\View\Exceptions\ViewException: Invalid file: "personajes/item.php"
[Method: POST, Route: personajes/update/updated/1]
in SYSTEMPATH\Exceptions\FrameworkException.php on line 39.
 1 SYSTEMPATH\View\View.php(214): CodeIgniter\Exceptions\FrameworkException::forInvalidFile('personajes/item.php')
 2 SYSTEMPATH\Common.php(1199): CodeIgniter\View\View->render('personajes/item', [], true)
 3 APPPATH\Controllers\Personajes.php(92): view('personajes/item')
 4 SYSTEMPATH\CodeIgniter.php(933): App\Controllers\Personajes->updatedItem('1')
 5 SYSTEMPATH\CodeIgniter.php(507): CodeIgniter\CodeIgniter->runController(Object(App\Controllers\Personajes))
 6 SYSTEMPATH\CodeIgniter.php(354): CodeIgniter\CodeIgniter->handleRequest(null, Object(Config\Cache), false)
 7 SYSTEMPATH\Boot.php(363): CodeIgniter\CodeIgniter->run()
 8 SYSTEMPATH\Boot.php(68): CodeIgniter\Boot::runCodeIgniter(Object(CodeIgniter\CodeIgniter))
 9 FCPATH\index.php(59): CodeIgniter\Boot::bootWeb(Object(Config\Paths))
DEBUG - 2026-01-27 19:54:23 --> Session: Class initialized using 'CodeIgniter\Session\Handlers\FileHandler' driver.
CRITICAL - 2026-01-27 19:56:01 --> CodeIgniter\View\Exceptions\ViewException: Invalid file: "personajes/item.php"
[Method: POST, Route: personajes/update/updated/1]
in SYSTEMPATH\Exceptions\FrameworkException.php on line 39.
 1 SYSTEMPATH\View\View.php(214): CodeIgniter\Exceptions\FrameworkException::forInvalidFile('personajes/item.php')
 2 SYSTEMPATH\Common.php(1199): CodeIgniter\View\View->render('personajes/item', [], true)
 3 APPPATH\Controllers\Personajes.php(92): view('personajes/item')
 4 SYSTEMPATH\CodeIgniter.php(933): App\Controllers\Personajes->updatedItem('1')
 5 SYSTEMPATH\CodeIgniter.php(507): CodeIgniter\CodeIgniter->runController(Object(App\Controllers\Personajes))
 6 SYSTEMPATH\CodeIgniter.php(354): CodeIgniter\CodeIgniter->handleRequest(null, Object(Config\Cache), false)
 7 SYSTEMPATH\Boot.php(363): CodeIgniter\CodeIgniter->run()
 8 SYSTEMPATH\Boot.php(68): CodeIgniter\Boot::runCodeIgniter(Object(CodeIgniter\CodeIgniter))
 9 FCPATH\index.php(59): CodeIgniter\Boot::bootWeb(Object(Config\Paths))
DEBUG - 2026-01-27 19:56:40 --> Session: Class initialized using 'CodeIgniter\Session\Handlers\FileHandler' driver.
CRITICAL - 2026-01-27 19:56:42 --> ErrorException: Undefined variable $personajes_list
[Method: POST, Route: personajes/update/updated/1]
in APPPATH\Views\personajes\index.php on line 3.
 1 APPPATH\Views\personajes\index.php(3): CodeIgniter\Debug\Exceptions->errorHandler(2, 'Undefined variable $personajes_list', 'C:\\xampp\\htdocs\\Servidor\\disney\\app\\Views\\personajes\\index.php', 3)
 2 SYSTEMPATH\View\View.php(226): include('C:\\xampp\\htdocs\\Servidor\\disney\\app\\Views\\personajes\\index.php')
 3 SYSTEMPATH\View\View.php(229): CodeIgniter\View\View->CodeIgniter\View\{closure}()
 4 SYSTEMPATH\Common.php(1199): CodeIgniter\View\View->render('personajes/index', [], true)
 5 APPPATH\Controllers\Personajes.php(92): view('personajes/index')
 6 SYSTEMPATH\CodeIgniter.php(933): App\Controllers\Personajes->updatedItem('1')
 7 SYSTEMPATH\CodeIgniter.php(507): CodeIgniter\CodeIgniter->runController(Object(App\Controllers\Personajes))
 8 SYSTEMPATH\CodeIgniter.php(354): CodeIgniter\CodeIgniter->handleRequest(null, Object(Config\Cache), false)
 9 SYSTEMPATH\Boot.php(363): CodeIgniter\CodeIgniter->run()
10 SYSTEMPATH\Boot.php(68): CodeIgniter\Boot::runCodeIgniter(Object(CodeIgniter\CodeIgniter))
11 FCPATH\index.php(59): CodeIgniter\Boot::bootWeb(Object(Config\Paths))
DEBUG - 2026-01-27 19:57:46 --> Session: Class initialized using 'CodeIgniter\Session\Handlers\FileHandler' driver.
CRITICAL - 2026-01-27 19:58:07 --> ErrorException: Undefined variable $personajes_list
[Method: POST, Route: personajes/update/updated/1]
in APPPATH\Views\personajes\index.php on line 3.
 1 APPPATH\Views\personajes\index.php(3): CodeIgniter\Debug\Exceptions->errorHandler(2, 'Undefined variable $personajes_list', 'C:\\xampp\\htdocs\\Servidor\\disney\\app\\Views\\personajes\\index.php', 3)
 2 SYSTEMPATH\View\View.php(226): include('C:\\xampp\\htdocs\\Servidor\\disney\\app\\Views\\personajes\\index.php')
 3 SYSTEMPATH\View\View.php(229): CodeIgniter\View\View->CodeIgniter\View\{closure}()
 4 SYSTEMPATH\Common.php(1199): CodeIgniter\View\View->render('personajes/index', [], true)
 5 APPPATH\Controllers\Personajes.php(92): view('personajes/index')
 6 SYSTEMPATH\CodeIgniter.php(933): App\Controllers\Personajes->updatedItem('1')
 7 SYSTEMPATH\CodeIgniter.php(507): CodeIgniter\CodeIgniter->runController(Object(App\Controllers\Personajes))
 8 SYSTEMPATH\CodeIgniter.php(354): CodeIgniter\CodeIgniter->handleRequest(null, Object(Config\Cache), false)
 9 SYSTEMPATH\Boot.php(363): CodeIgniter\CodeIgniter->run()
10 SYSTEMPATH\Boot.php(68): CodeIgniter\Boot::runCodeIgniter(Object(CodeIgniter\CodeIgniter))
11 FCPATH\index.php(59): CodeIgniter\Boot::bootWeb(Object(Config\Paths))
CRITICAL - 2026-01-27 19:58:51 --> ErrorException: Undefined variable $personajes
[Method: POST, Route: personajes/update/updated/1]
in APPPATH\Views\personajes\view.php on line 2.
 1 APPPATH\Views\personajes\view.php(2): CodeIgniter\Debug\Exceptions->errorHandler(2, 'Undefined variable $personajes', 'C:\\xampp\\htdocs\\Servidor\\disney\\app\\Views\\personajes\\view.php', 2)
 2 SYSTEMPATH\View\View.php(226): include('C:\\xampp\\htdocs\\Servidor\\disney\\app\\Views\\personajes\\view.php')
 3 SYSTEMPATH\View\View.php(229): CodeIgniter\View\View->CodeIgniter\View\{closure}()
 4 SYSTEMPATH\Common.php(1199): CodeIgniter\View\View->render('personajes/view', [], true)
 5 APPPATH\Controllers\Personajes.php(92): view('personajes/view')
 6 SYSTEMPATH\CodeIgniter.php(933): App\Controllers\Personajes->updatedItem('1')
 7 SYSTEMPATH\CodeIgniter.php(507): CodeIgniter\CodeIgniter->runController(Object(App\Controllers\Personajes))
 8 SYSTEMPATH\CodeIgniter.php(354): CodeIgniter\CodeIgniter->handleRequest(null, Object(Config\Cache), false)
 9 SYSTEMPATH\Boot.php(363): CodeIgniter\CodeIgniter->run()
10 SYSTEMPATH\Boot.php(68): CodeIgniter\Boot::runCodeIgniter(Object(CodeIgniter\CodeIgniter))
11 FCPATH\index.php(59): CodeIgniter\Boot::bootWeb(Object(Config\Paths))
DEBUG - 2026-01-27 20:00:16 --> Session: Class initialized using 'CodeIgniter\Session\Handlers\FileHandler' driver.
DEBUG - 2026-01-27 20:00:26 --> Session: Class initialized using 'CodeIgniter\Session\Handlers\FileHandler' driver.
DEBUG - 2026-01-27 20:00:31 --> Session: Class initialized using 'CodeIgniter\Session\Handlers\FileHandler' driver.
CRITICAL - 2026-01-27 20:07:43 --> CodeIgniter\Exceptions\BadMethodCallException: Call to undefined method App\Models\PersonajesModel::getPersonajesl
[Method: GET, Route: personajes/new]
in SYSTEMPATH\Model.php on line 927.
 1 APPPATH\Controllers\Personajes.php(29): CodeIgniter\Model->__call('getPersonajesl', [])
 2 SYSTEMPATH\CodeIgniter.php(933): App\Controllers\Personajes->new()
 3 SYSTEMPATH\CodeIgniter.php(507): CodeIgniter\CodeIgniter->runController(Object(App\Controllers\Personajes))
 4 SYSTEMPATH\CodeIgniter.php(354): CodeIgniter\CodeIgniter->handleRequest(null, Object(Config\Cache), false)
 5 SYSTEMPATH\Boot.php(363): CodeIgniter\CodeIgniter->run()
 6 SYSTEMPATH\Boot.php(68): CodeIgniter\Boot::runCodeIgniter(Object(CodeIgniter\CodeIgniter))
 7 FCPATH\index.php(59): CodeIgniter\Boot::bootWeb(Object(Config\Paths))
DEBUG - 2026-01-27 20:08:05 --> Session: Class initialized using 'CodeIgniter\Session\Handlers\FileHandler' driver.
CRITICAL - 2026-01-27 20:08:05 --> ErrorException: Undefined array key "titulo"
[Method: GET, Route: personajes/new]
in APPPATH\Views\personajes\create.php on line 19.
 1 APPPATH\Views\personajes\create.php(19): CodeIgniter\Debug\Exceptions->errorHandler(2, 'Undefined array key "titulo"', 'C:\\xampp\\htdocs\\Servidor\\disney\\app\\Views\\personajes\\create.php', 19)
 2 SYSTEMPATH\View\View.php(226): include('C:\\xampp\\htdocs\\Servidor\\disney\\app\\Views\\personajes\\create.php')
 3 SYSTEMPATH\View\View.php(229): CodeIgniter\View\View->CodeIgniter\View\{closure}()
 4 SYSTEMPATH\Common.php(1199): CodeIgniter\View\View->render('personajes/create', [], true)
 5 APPPATH\Controllers\Personajes.php(32): view('personajes/create', [...])
 6 SYSTEMPATH\CodeIgniter.php(933): App\Controllers\Personajes->new()
 7 SYSTEMPATH\CodeIgniter.php(507): CodeIgniter\CodeIgniter->runController(Object(App\Controllers\Personajes))
 8 SYSTEMPATH\CodeIgniter.php(354): CodeIgniter\CodeIgniter->handleRequest(null, Object(Config\Cache), false)
 9 SYSTEMPATH\Boot.php(363): CodeIgniter\CodeIgniter->run()
10 SYSTEMPATH\Boot.php(68): CodeIgniter\Boot::runCodeIgniter(Object(CodeIgniter\CodeIgniter))
11 FCPATH\index.php(59): CodeIgniter\Boot::bootWeb(Object(Config\Paths))
DEBUG - 2026-01-27 20:09:10 --> Session: Class initialized using 'CodeIgniter\Session\Handlers\FileHandler' driver.
DEBUG - 2026-01-27 20:12:59 --> Session: Class initialized using 'CodeIgniter\Session\Handlers\FileHandler' driver.
DEBUG - 2026-01-27 20:20:48 --> Session: Class initialized using 'CodeIgniter\Session\Handlers\FileHandler' driver.
DEBUG - 2026-01-27 20:20:55 --> Session: Class initialized using 'CodeIgniter\Session\Handlers\FileHandler' driver.
DEBUG - 2026-01-27 20:25:06 --> Session: Class initialized using 'CodeIgniter\Session\Handlers\FileHandler' driver.
DEBUG - 2026-01-27 20:25:21 --> Session: Class initialized using 'CodeIgniter\Session\Handlers\FileHandler' driver.
DEBUG - 2026-01-27 20:26:36 --> Session: Class initialized using 'CodeIgniter\Session\Handlers\FileHandler' driver.
DEBUG - 2026-01-27 20:27:33 --> Session: Class initialized using 'CodeIgniter\Session\Handlers\FileHandler' driver.
DEBUG - 2026-01-27 20:27:45 --> Session: Class initialized using 'CodeIgniter\Session\Handlers\FileHandler' driver.
DEBUG - 2026-01-27 20:28:05 --> Session: Class initialized using 'CodeIgniter\Session\Handlers\FileHandler' driver.
