DEBUG - 2025-12-01 07:16:49 --> Session: Class initialized using 'CodeIgniter\Session\Handlers\FileHandler' driver.
DEBUG - 2025-12-01 07:18:17 --> Session: Class initialized using 'CodeIgniter\Session\Handlers\FileHandler' driver.
INFO - 2025-12-01 07:18:26 --> CSRF token verified.
DEBUG - 2025-12-01 07:18:38 --> Session: Class initialized using 'CodeIgniter\Session\Handlers\FileHandler' driver.
DEBUG - 2025-12-01 07:19:56 --> Session: Class initialized using 'CodeIgniter\Session\Handlers\FileHandler' driver.
DEBUG - 2025-12-01 07:22:57 --> Session: Class initialized using 'CodeIgniter\Session\Handlers\FileHandler' driver.
DEBUG - 2025-12-01 07:24:37 --> Session: Class initialized using 'CodeIgniter\Session\Handlers\FileHandler' driver.
DEBUG - 2025-12-01 07:24:44 --> Session: Class initialized using 'CodeIgniter\Session\Handlers\FileHandler' driver.
INFO - 2025-12-01 07:25:03 --> CSRF token verified.
CRITICAL - 2025-12-01 08:23:53 --> ErrorException: Undefined array key "category"
[Method: GET, Route: news]
in APPPATH/Views/news/index.php on line 12.
 1 APPPATH/Views/news/index.php(12): CodeIgniter\Debug\Exceptions->errorHandler()
 2 SYSTEMPATH/View/View.php(224): include('/var/www/html/CodeIgniter/app/Views/news/index.php')
 3 SYSTEMPATH/View/View.php(227): CodeIgniter\View\View->{closure:CodeIgniter\View\View::render():221}()
 4 SYSTEMPATH/Common.php(1173): CodeIgniter\View\View->render()
 5 APPPATH/Controllers/News.php(19): view()
 6 SYSTEMPATH/CodeIgniter.php(933): App\Controllers\News->index()
 7 SYSTEMPATH/CodeIgniter.php(507): CodeIgniter\CodeIgniter->runController()
 8 SYSTEMPATH/CodeIgniter.php(354): CodeIgniter\CodeIgniter->handleRequest()
 9 SYSTEMPATH/Boot.php(334): CodeIgniter\CodeIgniter->run()
10 SYSTEMPATH/Boot.php(67): CodeIgniter\Boot::runCodeIgniter()
11 FCPATH/index.php(56): CodeIgniter\Boot::bootWeb()
CRITICAL - 2025-12-01 08:23:56 --> ErrorException: Undefined array key "category"
[Method: GET, Route: news]
in APPPATH/Views/news/index.php on line 12.
 1 APPPATH/Views/news/index.php(12): CodeIgniter\Debug\Exceptions->errorHandler()
 2 SYSTEMPATH/View/View.php(224): include('/var/www/html/CodeIgniter/app/Views/news/index.php')
 3 SYSTEMPATH/View/View.php(227): CodeIgniter\View\View->{closure:CodeIgniter\View\View::render():221}()
 4 SYSTEMPATH/Common.php(1173): CodeIgniter\View\View->render()
 5 APPPATH/Controllers/News.php(19): view()
 6 SYSTEMPATH/CodeIgniter.php(933): App\Controllers\News->index()
 7 SYSTEMPATH/CodeIgniter.php(507): CodeIgniter\CodeIgniter->runController()
 8 SYSTEMPATH/CodeIgniter.php(354): CodeIgniter\CodeIgniter->handleRequest()
 9 SYSTEMPATH/Boot.php(334): CodeIgniter\CodeIgniter->run()
10 SYSTEMPATH/Boot.php(67): CodeIgniter\Boot::runCodeIgniter()
11 FCPATH/index.php(56): CodeIgniter\Boot::bootWeb()
CRITICAL - 2025-12-01 08:24:02 --> ErrorException: Undefined array key "category"
[Method: GET, Route: news]
in APPPATH/Views/news/index.php on line 12.
 1 APPPATH/Views/news/index.php(12): CodeIgniter\Debug\Exceptions->errorHandler()
 2 SYSTEMPATH/View/View.php(224): include('/var/www/html/CodeIgniter/app/Views/news/index.php')
 3 SYSTEMPATH/View/View.php(227): CodeIgniter\View\View->{closure:CodeIgniter\View\View::render():221}()
 4 SYSTEMPATH/Common.php(1173): CodeIgniter\View\View->render()
 5 APPPATH/Controllers/News.php(19): view()
 6 SYSTEMPATH/CodeIgniter.php(933): App\Controllers\News->index()
 7 SYSTEMPATH/CodeIgniter.php(507): CodeIgniter\CodeIgniter->runController()
 8 SYSTEMPATH/CodeIgniter.php(354): CodeIgniter\CodeIgniter->handleRequest()
 9 SYSTEMPATH/Boot.php(334): CodeIgniter\CodeIgniter->run()
10 SYSTEMPATH/Boot.php(67): CodeIgniter\Boot::runCodeIgniter()
11 FCPATH/index.php(56): CodeIgniter\Boot::bootWeb()
CRITICAL - 2025-12-01 08:24:20 --> ErrorException: Undefined array key "category"
[Method: GET, Route: news]
in APPPATH/Views/news/index.php on line 12.
 1 APPPATH/Views/news/index.php(12): CodeIgniter\Debug\Exceptions->errorHandler()
 2 SYSTEMPATH/View/View.php(224): include('/var/www/html/CodeIgniter/app/Views/news/index.php')
 3 SYSTEMPATH/View/View.php(227): CodeIgniter\View\View->{closure:CodeIgniter\View\View::render():221}()
 4 SYSTEMPATH/Common.php(1173): CodeIgniter\View\View->render()
 5 APPPATH/Controllers/News.php(19): view()
 6 SYSTEMPATH/CodeIgniter.php(933): App\Controllers\News->index()
 7 SYSTEMPATH/CodeIgniter.php(507): CodeIgniter\CodeIgniter->runController()
 8 SYSTEMPATH/CodeIgniter.php(354): CodeIgniter\CodeIgniter->handleRequest()
 9 SYSTEMPATH/Boot.php(334): CodeIgniter\CodeIgniter->run()
10 SYSTEMPATH/Boot.php(67): CodeIgniter\Boot::runCodeIgniter()
11 FCPATH/index.php(56): CodeIgniter\Boot::bootWeb()
CRITICAL - 2025-12-01 08:24:21 --> ErrorException: Undefined array key "category"
[Method: GET, Route: news]
in APPPATH/Views/news/index.php on line 12.
 1 APPPATH/Views/news/index.php(12): CodeIgniter\Debug\Exceptions->errorHandler()
 2 SYSTEMPATH/View/View.php(224): include('/var/www/html/CodeIgniter/app/Views/news/index.php')
 3 SYSTEMPATH/View/View.php(227): CodeIgniter\View\View->{closure:CodeIgniter\View\View::render():221}()
 4 SYSTEMPATH/Common.php(1173): CodeIgniter\View\View->render()
 5 APPPATH/Controllers/News.php(19): view()
 6 SYSTEMPATH/CodeIgniter.php(933): App\Controllers\News->index()
 7 SYSTEMPATH/CodeIgniter.php(507): CodeIgniter\CodeIgniter->runController()
 8 SYSTEMPATH/CodeIgniter.php(354): CodeIgniter\CodeIgniter->handleRequest()
 9 SYSTEMPATH/Boot.php(334): CodeIgniter\CodeIgniter->run()
10 SYSTEMPATH/Boot.php(67): CodeIgniter\Boot::runCodeIgniter()
11 FCPATH/index.php(56): CodeIgniter\Boot::bootWeb()
CRITICAL - 2025-12-01 08:25:11 --> ErrorException: Undefined array key "category"
[Method: GET, Route: news]
in APPPATH/Views/news/index.php on line 12.
 1 APPPATH/Views/news/index.php(12): CodeIgniter\Debug\Exceptions->errorHandler()
 2 SYSTEMPATH/View/View.php(224): include('/var/www/html/CodeIgniter/app/Views/news/index.php')
 3 SYSTEMPATH/View/View.php(227): CodeIgniter\View\View->{closure:CodeIgniter\View\View::render():221}()
 4 SYSTEMPATH/Common.php(1173): CodeIgniter\View\View->render()
 5 APPPATH/Controllers/News.php(19): view()
 6 SYSTEMPATH/CodeIgniter.php(933): App\Controllers\News->index()
 7 SYSTEMPATH/CodeIgniter.php(507): CodeIgniter\CodeIgniter->runController()
 8 SYSTEMPATH/CodeIgniter.php(354): CodeIgniter\CodeIgniter->handleRequest()
 9 SYSTEMPATH/Boot.php(334): CodeIgniter\CodeIgniter->run()
10 SYSTEMPATH/Boot.php(67): CodeIgniter\Boot::runCodeIgniter()
11 FCPATH/index.php(56): CodeIgniter\Boot::bootWeb()
CRITICAL - 2025-12-01 08:25:46 --> ErrorException: Undefined array key "category"
[Method: GET, Route: news]
in APPPATH/Views/news/index.php on line 12.
 1 APPPATH/Views/news/index.php(12): CodeIgniter\Debug\Exceptions->errorHandler()
 2 SYSTEMPATH/View/View.php(224): include('/var/www/html/CodeIgniter/app/Views/news/index.php')
 3 SYSTEMPATH/View/View.php(227): CodeIgniter\View\View->{closure:CodeIgniter\View\View::render():221}()
 4 SYSTEMPATH/Common.php(1173): CodeIgniter\View\View->render()
 5 APPPATH/Controllers/News.php(19): view()
 6 SYSTEMPATH/CodeIgniter.php(933): App\Controllers\News->index()
 7 SYSTEMPATH/CodeIgniter.php(507): CodeIgniter\CodeIgniter->runController()
 8 SYSTEMPATH/CodeIgniter.php(354): CodeIgniter\CodeIgniter->handleRequest()
 9 SYSTEMPATH/Boot.php(334): CodeIgniter\CodeIgniter->run()
10 SYSTEMPATH/Boot.php(67): CodeIgniter\Boot::runCodeIgniter()
11 FCPATH/index.php(56): CodeIgniter\Boot::bootWeb()
CRITICAL - 2025-12-01 08:25:50 --> ErrorException: Undefined array key "category"
[Method: GET, Route: news]
in APPPATH/Views/news/index.php on line 12.
 1 APPPATH/Views/news/index.php(12): CodeIgniter\Debug\Exceptions->errorHandler()
 2 SYSTEMPATH/View/View.php(224): include('/var/www/html/CodeIgniter/app/Views/news/index.php')
 3 SYSTEMPATH/View/View.php(227): CodeIgniter\View\View->{closure:CodeIgniter\View\View::render():221}()
 4 SYSTEMPATH/Common.php(1173): CodeIgniter\View\View->render()
 5 APPPATH/Controllers/News.php(19): view()
 6 SYSTEMPATH/CodeIgniter.php(933): App\Controllers\News->index()
 7 SYSTEMPATH/CodeIgniter.php(507): CodeIgniter\CodeIgniter->runController()
 8 SYSTEMPATH/CodeIgniter.php(354): CodeIgniter\CodeIgniter->handleRequest()
 9 SYSTEMPATH/Boot.php(334): CodeIgniter\CodeIgniter->run()
10 SYSTEMPATH/Boot.php(67): CodeIgniter\Boot::runCodeIgniter()
11 FCPATH/index.php(56): CodeIgniter\Boot::bootWeb()
ERROR - 2025-12-01 08:29:10 --> mysqli_sql_exception: Table 'ci4tutorial.category' doesn't exist in /var/www/html/CodeIgniter/system/Database/MySQLi/Connection.php:327
Stack trace:
#0 /var/www/html/CodeIgniter/system/Database/MySQLi/Connection.php(327): mysqli->query()
#1 /var/www/html/CodeIgniter/system/Database/BaseConnection.php(738): CodeIgniter\Database\MySQLi\Connection->execute()
#2 /var/www/html/CodeIgniter/system/Database/BaseConnection.php(652): CodeIgniter\Database\BaseConnection->simpleQuery()
#3 /var/www/html/CodeIgniter/system/Database/BaseBuilder.php(1649): CodeIgniter\Database\BaseConnection->query()
#4 /var/www/html/CodeIgniter/system/Model.php(286): CodeIgniter\Database\BaseBuilder->get()
#5 /var/www/html/CodeIgniter/system/BaseModel.php(675): CodeIgniter\Model->doFindAll()
#6 /var/www/html/CodeIgniter/app/Models/NewsModel.php(23): CodeIgniter\BaseModel->findAll()
#7 /var/www/html/CodeIgniter/app/Controllers/News.php(14): App\Models\NewsModel->getNews()
#8 /var/www/html/CodeIgniter/system/CodeIgniter.php(933): App\Controllers\News->index()
#9 /var/www/html/CodeIgniter/system/CodeIgniter.php(507): CodeIgniter\CodeIgniter->runController()
#10 /var/www/html/CodeIgniter/system/CodeIgniter.php(354): CodeIgniter\CodeIgniter->handleRequest()
#11 /var/www/html/CodeIgniter/system/Boot.php(334): CodeIgniter\CodeIgniter->run()
#12 /var/www/html/CodeIgniter/system/Boot.php(67): CodeIgniter\Boot::runCodeIgniter()
#13 /var/www/html/CodeIgniter/public/index.php(56): CodeIgniter\Boot::bootWeb()
#14 {main}
CRITICAL - 2025-12-01 08:29:10 --> CodeIgniter\Database\Exceptions\DatabaseException: Table 'ci4tutorial.category' doesn't exist
[Method: GET, Route: news]
in SYSTEMPATH/Database/BaseConnection.php on line 692.
 1 SYSTEMPATH/Database/BaseBuilder.php(1649): CodeIgniter\Database\BaseConnection->query()
 2 SYSTEMPATH/Model.php(286): CodeIgniter\Database\BaseBuilder->get()
 3 SYSTEMPATH/BaseModel.php(675): CodeIgniter\Model->doFindAll()
 4 APPPATH/Models/NewsModel.php(23): CodeIgniter\BaseModel->findAll()
 5 APPPATH/Controllers/News.php(14): App\Models\NewsModel->getNews()
 6 SYSTEMPATH/CodeIgniter.php(933): App\Controllers\News->index()
 7 SYSTEMPATH/CodeIgniter.php(507): CodeIgniter\CodeIgniter->runController()
 8 SYSTEMPATH/CodeIgniter.php(354): CodeIgniter\CodeIgniter->handleRequest()
 9 SYSTEMPATH/Boot.php(334): CodeIgniter\CodeIgniter->run()
10 SYSTEMPATH/Boot.php(67): CodeIgniter\Boot::runCodeIgniter()
11 FCPATH/index.php(56): CodeIgniter\Boot::bootWeb()
CRITICAL - 2025-12-01 08:29:10 --> [Caused by] CodeIgniter\Database\Exceptions\DatabaseException: Table 'ci4tutorial.category' doesn't exist
in SYSTEMPATH/Database/MySQLi/Connection.php on line 332.
 1 SYSTEMPATH/Database/BaseConnection.php(738): CodeIgniter\Database\MySQLi\Connection->execute()
 2 SYSTEMPATH/Database/BaseConnection.php(652): CodeIgniter\Database\BaseConnection->simpleQuery()
 3 SYSTEMPATH/Database/BaseBuilder.php(1649): CodeIgniter\Database\BaseConnection->query()
 4 SYSTEMPATH/Model.php(286): CodeIgniter\Database\BaseBuilder->get()
 5 SYSTEMPATH/BaseModel.php(675): CodeIgniter\Model->doFindAll()
 6 APPPATH/Models/NewsModel.php(23): CodeIgniter\BaseModel->findAll()
 7 APPPATH/Controllers/News.php(14): App\Models\NewsModel->getNews()
 8 SYSTEMPATH/CodeIgniter.php(933): App\Controllers\News->index()
 9 SYSTEMPATH/CodeIgniter.php(507): CodeIgniter\CodeIgniter->runController()
10 SYSTEMPATH/CodeIgniter.php(354): CodeIgniter\CodeIgniter->handleRequest()
11 SYSTEMPATH/Boot.php(334): CodeIgniter\CodeIgniter->run()
12 SYSTEMPATH/Boot.php(67): CodeIgniter\Boot::runCodeIgniter()
13 FCPATH/index.php(56): CodeIgniter\Boot::bootWeb()
CRITICAL - 2025-12-01 08:29:10 --> [Caused by] mysqli_sql_exception: Table 'ci4tutorial.category' doesn't exist
in SYSTEMPATH/Database/MySQLi/Connection.php on line 327.
 1 SYSTEMPATH/Database/MySQLi/Connection.php(327): mysqli->query()
 2 SYSTEMPATH/Database/BaseConnection.php(738): CodeIgniter\Database\MySQLi\Connection->execute()
 3 SYSTEMPATH/Database/BaseConnection.php(652): CodeIgniter\Database\BaseConnection->simpleQuery()
 4 SYSTEMPATH/Database/BaseBuilder.php(1649): CodeIgniter\Database\BaseConnection->query()
 5 SYSTEMPATH/Model.php(286): CodeIgniter\Database\BaseBuilder->get()
 6 SYSTEMPATH/BaseModel.php(675): CodeIgniter\Model->doFindAll()
 7 APPPATH/Models/NewsModel.php(23): CodeIgniter\BaseModel->findAll()
 8 APPPATH/Controllers/News.php(14): App\Models\NewsModel->getNews()
 9 SYSTEMPATH/CodeIgniter.php(933): App\Controllers\News->index()
10 SYSTEMPATH/CodeIgniter.php(507): CodeIgniter\CodeIgniter->runController()
11 SYSTEMPATH/CodeIgniter.php(354): CodeIgniter\CodeIgniter->handleRequest()
12 SYSTEMPATH/Boot.php(334): CodeIgniter\CodeIgniter->run()
13 SYSTEMPATH/Boot.php(67): CodeIgniter\Boot::runCodeIgniter()
14 FCPATH/index.php(56): CodeIgniter\Boot::bootWeb()
ERROR - 2025-12-01 08:29:23 --> mysqli_sql_exception: Table 'ci4tutorial.category' doesn't exist in /var/www/html/CodeIgniter/system/Database/MySQLi/Connection.php:327
Stack trace:
#0 /var/www/html/CodeIgniter/system/Database/MySQLi/Connection.php(327): mysqli->query()
#1 /var/www/html/CodeIgniter/system/Database/BaseConnection.php(738): CodeIgniter\Database\MySQLi\Connection->execute()
#2 /var/www/html/CodeIgniter/system/Database/BaseConnection.php(652): CodeIgniter\Database\BaseConnection->simpleQuery()
#3 /var/www/html/CodeIgniter/system/Database/BaseBuilder.php(1649): CodeIgniter\Database\BaseConnection->query()
#4 /var/www/html/CodeIgniter/system/Model.php(286): CodeIgniter\Database\BaseBuilder->get()
#5 /var/www/html/CodeIgniter/system/BaseModel.php(675): CodeIgniter\Model->doFindAll()
#6 /var/www/html/CodeIgniter/app/Models/NewsModel.php(23): CodeIgniter\BaseModel->findAll()
#7 /var/www/html/CodeIgniter/app/Controllers/News.php(14): App\Models\NewsModel->getNews()
#8 /var/www/html/CodeIgniter/system/CodeIgniter.php(933): App\Controllers\News->index()
#9 /var/www/html/CodeIgniter/system/CodeIgniter.php(507): CodeIgniter\CodeIgniter->runController()
#10 /var/www/html/CodeIgniter/system/CodeIgniter.php(354): CodeIgniter\CodeIgniter->handleRequest()
#11 /var/www/html/CodeIgniter/system/Boot.php(334): CodeIgniter\CodeIgniter->run()
#12 /var/www/html/CodeIgniter/system/Boot.php(67): CodeIgniter\Boot::runCodeIgniter()
#13 /var/www/html/CodeIgniter/public/index.php(56): CodeIgniter\Boot::bootWeb()
#14 {main}
CRITICAL - 2025-12-01 08:29:23 --> CodeIgniter\Database\Exceptions\DatabaseException: Table 'ci4tutorial.category' doesn't exist
[Method: GET, Route: news]
in SYSTEMPATH/Database/BaseConnection.php on line 692.
 1 SYSTEMPATH/Database/BaseBuilder.php(1649): CodeIgniter\Database\BaseConnection->query()
 2 SYSTEMPATH/Model.php(286): CodeIgniter\Database\BaseBuilder->get()
 3 SYSTEMPATH/BaseModel.php(675): CodeIgniter\Model->doFindAll()
 4 APPPATH/Models/NewsModel.php(23): CodeIgniter\BaseModel->findAll()
 5 APPPATH/Controllers/News.php(14): App\Models\NewsModel->getNews()
 6 SYSTEMPATH/CodeIgniter.php(933): App\Controllers\News->index()
 7 SYSTEMPATH/CodeIgniter.php(507): CodeIgniter\CodeIgniter->runController()
 8 SYSTEMPATH/CodeIgniter.php(354): CodeIgniter\CodeIgniter->handleRequest()
 9 SYSTEMPATH/Boot.php(334): CodeIgniter\CodeIgniter->run()
10 SYSTEMPATH/Boot.php(67): CodeIgniter\Boot::runCodeIgniter()
11 FCPATH/index.php(56): CodeIgniter\Boot::bootWeb()
CRITICAL - 2025-12-01 08:29:23 --> [Caused by] CodeIgniter\Database\Exceptions\DatabaseException: Table 'ci4tutorial.category' doesn't exist
in SYSTEMPATH/Database/MySQLi/Connection.php on line 332.
 1 SYSTEMPATH/Database/BaseConnection.php(738): CodeIgniter\Database\MySQLi\Connection->execute()
 2 SYSTEMPATH/Database/BaseConnection.php(652): CodeIgniter\Database\BaseConnection->simpleQuery()
 3 SYSTEMPATH/Database/BaseBuilder.php(1649): CodeIgniter\Database\BaseConnection->query()
 4 SYSTEMPATH/Model.php(286): CodeIgniter\Database\BaseBuilder->get()
 5 SYSTEMPATH/BaseModel.php(675): CodeIgniter\Model->doFindAll()
 6 APPPATH/Models/NewsModel.php(23): CodeIgniter\BaseModel->findAll()
 7 APPPATH/Controllers/News.php(14): App\Models\NewsModel->getNews()
 8 SYSTEMPATH/CodeIgniter.php(933): App\Controllers\News->index()
 9 SYSTEMPATH/CodeIgniter.php(507): CodeIgniter\CodeIgniter->runController()
10 SYSTEMPATH/CodeIgniter.php(354): CodeIgniter\CodeIgniter->handleRequest()
11 SYSTEMPATH/Boot.php(334): CodeIgniter\CodeIgniter->run()
12 SYSTEMPATH/Boot.php(67): CodeIgniter\Boot::runCodeIgniter()
13 FCPATH/index.php(56): CodeIgniter\Boot::bootWeb()
CRITICAL - 2025-12-01 08:29:23 --> [Caused by] mysqli_sql_exception: Table 'ci4tutorial.category' doesn't exist
in SYSTEMPATH/Database/MySQLi/Connection.php on line 327.
 1 SYSTEMPATH/Database/MySQLi/Connection.php(327): mysqli->query()
 2 SYSTEMPATH/Database/BaseConnection.php(738): CodeIgniter\Database\MySQLi\Connection->execute()
 3 SYSTEMPATH/Database/BaseConnection.php(652): CodeIgniter\Database\BaseConnection->simpleQuery()
 4 SYSTEMPATH/Database/BaseBuilder.php(1649): CodeIgniter\Database\BaseConnection->query()
 5 SYSTEMPATH/Model.php(286): CodeIgniter\Database\BaseBuilder->get()
 6 SYSTEMPATH/BaseModel.php(675): CodeIgniter\Model->doFindAll()
 7 APPPATH/Models/NewsModel.php(23): CodeIgniter\BaseModel->findAll()
 8 APPPATH/Controllers/News.php(14): App\Models\NewsModel->getNews()
 9 SYSTEMPATH/CodeIgniter.php(933): App\Controllers\News->index()
10 SYSTEMPATH/CodeIgniter.php(507): CodeIgniter\CodeIgniter->runController()
11 SYSTEMPATH/CodeIgniter.php(354): CodeIgniter\CodeIgniter->handleRequest()
12 SYSTEMPATH/Boot.php(334): CodeIgniter\CodeIgniter->run()
13 SYSTEMPATH/Boot.php(67): CodeIgniter\Boot::runCodeIgniter()
14 FCPATH/index.php(56): CodeIgniter\Boot::bootWeb()
ERROR - 2025-12-01 08:29:35 --> mysqli_sql_exception: Table 'ci4tutorial.category' doesn't exist in /var/www/html/CodeIgniter/system/Database/MySQLi/Connection.php:327
Stack trace:
#0 /var/www/html/CodeIgniter/system/Database/MySQLi/Connection.php(327): mysqli->query()
#1 /var/www/html/CodeIgniter/system/Database/BaseConnection.php(738): CodeIgniter\Database\MySQLi\Connection->execute()
#2 /var/www/html/CodeIgniter/system/Database/BaseConnection.php(652): CodeIgniter\Database\BaseConnection->simpleQuery()
#3 /var/www/html/CodeIgniter/system/Database/BaseBuilder.php(1649): CodeIgniter\Database\BaseConnection->query()
#4 /var/www/html/CodeIgniter/system/Model.php(286): CodeIgniter\Database\BaseBuilder->get()
#5 /var/www/html/CodeIgniter/system/BaseModel.php(675): CodeIgniter\Model->doFindAll()
#6 /var/www/html/CodeIgniter/app/Models/NewsModel.php(23): CodeIgniter\BaseModel->findAll()
#7 /var/www/html/CodeIgniter/app/Controllers/News.php(14): App\Models\NewsModel->getNews()
#8 /var/www/html/CodeIgniter/system/CodeIgniter.php(933): App\Controllers\News->index()
#9 /var/www/html/CodeIgniter/system/CodeIgniter.php(507): CodeIgniter\CodeIgniter->runController()
#10 /var/www/html/CodeIgniter/system/CodeIgniter.php(354): CodeIgniter\CodeIgniter->handleRequest()
#11 /var/www/html/CodeIgniter/system/Boot.php(334): CodeIgniter\CodeIgniter->run()
#12 /var/www/html/CodeIgniter/system/Boot.php(67): CodeIgniter\Boot::runCodeIgniter()
#13 /var/www/html/CodeIgniter/public/index.php(56): CodeIgniter\Boot::bootWeb()
#14 {main}
CRITICAL - 2025-12-01 08:29:35 --> CodeIgniter\Database\Exceptions\DatabaseException: Table 'ci4tutorial.category' doesn't exist
[Method: GET, Route: news]
in SYSTEMPATH/Database/BaseConnection.php on line 692.
 1 SYSTEMPATH/Database/BaseBuilder.php(1649): CodeIgniter\Database\BaseConnection->query()
 2 SYSTEMPATH/Model.php(286): CodeIgniter\Database\BaseBuilder->get()
 3 SYSTEMPATH/BaseModel.php(675): CodeIgniter\Model->doFindAll()
 4 APPPATH/Models/NewsModel.php(23): CodeIgniter\BaseModel->findAll()
 5 APPPATH/Controllers/News.php(14): App\Models\NewsModel->getNews()
 6 SYSTEMPATH/CodeIgniter.php(933): App\Controllers\News->index()
 7 SYSTEMPATH/CodeIgniter.php(507): CodeIgniter\CodeIgniter->runController()
 8 SYSTEMPATH/CodeIgniter.php(354): CodeIgniter\CodeIgniter->handleRequest()
 9 SYSTEMPATH/Boot.php(334): CodeIgniter\CodeIgniter->run()
10 SYSTEMPATH/Boot.php(67): CodeIgniter\Boot::runCodeIgniter()
11 FCPATH/index.php(56): CodeIgniter\Boot::bootWeb()
CRITICAL - 2025-12-01 08:29:35 --> [Caused by] CodeIgniter\Database\Exceptions\DatabaseException: Table 'ci4tutorial.category' doesn't exist
in SYSTEMPATH/Database/MySQLi/Connection.php on line 332.
 1 SYSTEMPATH/Database/BaseConnection.php(738): CodeIgniter\Database\MySQLi\Connection->execute()
 2 SYSTEMPATH/Database/BaseConnection.php(652): CodeIgniter\Database\BaseConnection->simpleQuery()
 3 SYSTEMPATH/Database/BaseBuilder.php(1649): CodeIgniter\Database\BaseConnection->query()
 4 SYSTEMPATH/Model.php(286): CodeIgniter\Database\BaseBuilder->get()
 5 SYSTEMPATH/BaseModel.php(675): CodeIgniter\Model->doFindAll()
 6 APPPATH/Models/NewsModel.php(23): CodeIgniter\BaseModel->findAll()
 7 APPPATH/Controllers/News.php(14): App\Models\NewsModel->getNews()
 8 SYSTEMPATH/CodeIgniter.php(933): App\Controllers\News->index()
 9 SYSTEMPATH/CodeIgniter.php(507): CodeIgniter\CodeIgniter->runController()
10 SYSTEMPATH/CodeIgniter.php(354): CodeIgniter\CodeIgniter->handleRequest()
11 SYSTEMPATH/Boot.php(334): CodeIgniter\CodeIgniter->run()
12 SYSTEMPATH/Boot.php(67): CodeIgniter\Boot::runCodeIgniter()
13 FCPATH/index.php(56): CodeIgniter\Boot::bootWeb()
CRITICAL - 2025-12-01 08:29:35 --> [Caused by] mysqli_sql_exception: Table 'ci4tutorial.category' doesn't exist
in SYSTEMPATH/Database/MySQLi/Connection.php on line 327.
 1 SYSTEMPATH/Database/MySQLi/Connection.php(327): mysqli->query()
 2 SYSTEMPATH/Database/BaseConnection.php(738): CodeIgniter\Database\MySQLi\Connection->execute()
 3 SYSTEMPATH/Database/BaseConnection.php(652): CodeIgniter\Database\BaseConnection->simpleQuery()
 4 SYSTEMPATH/Database/BaseBuilder.php(1649): CodeIgniter\Database\BaseConnection->query()
 5 SYSTEMPATH/Model.php(286): CodeIgniter\Database\BaseBuilder->get()
 6 SYSTEMPATH/BaseModel.php(675): CodeIgniter\Model->doFindAll()
 7 APPPATH/Models/NewsModel.php(23): CodeIgniter\BaseModel->findAll()
 8 APPPATH/Controllers/News.php(14): App\Models\NewsModel->getNews()
 9 SYSTEMPATH/CodeIgniter.php(933): App\Controllers\News->index()
10 SYSTEMPATH/CodeIgniter.php(507): CodeIgniter\CodeIgniter->runController()
11 SYSTEMPATH/CodeIgniter.php(354): CodeIgniter\CodeIgniter->handleRequest()
12 SYSTEMPATH/Boot.php(334): CodeIgniter\CodeIgniter->run()
13 SYSTEMPATH/Boot.php(67): CodeIgniter\Boot::runCodeIgniter()
14 FCPATH/index.php(56): CodeIgniter\Boot::bootWeb()
ERROR - 2025-12-01 08:29:51 --> mysqli_sql_exception: Table 'ci4tutorial.category' doesn't exist in /var/www/html/CodeIgniter/system/Database/MySQLi/Connection.php:327
Stack trace:
#0 /var/www/html/CodeIgniter/system/Database/MySQLi/Connection.php(327): mysqli->query()
#1 /var/www/html/CodeIgniter/system/Database/BaseConnection.php(738): CodeIgniter\Database\MySQLi\Connection->execute()
#2 /var/www/html/CodeIgniter/system/Database/BaseConnection.php(652): CodeIgniter\Database\BaseConnection->simpleQuery()
#3 /var/www/html/CodeIgniter/system/Database/BaseBuilder.php(1649): CodeIgniter\Database\BaseConnection->query()
#4 /var/www/html/CodeIgniter/system/Model.php(286): CodeIgniter\Database\BaseBuilder->get()
#5 /var/www/html/CodeIgniter/system/BaseModel.php(675): CodeIgniter\Model->doFindAll()
#6 /var/www/html/CodeIgniter/app/Models/NewsModel.php(23): CodeIgniter\BaseModel->findAll()
#7 /var/www/html/CodeIgniter/app/Controllers/News.php(14): App\Models\NewsModel->getNews()
#8 /var/www/html/CodeIgniter/system/CodeIgniter.php(933): App\Controllers\News->index()
#9 /var/www/html/CodeIgniter/system/CodeIgniter.php(507): CodeIgniter\CodeIgniter->runController()
#10 /var/www/html/CodeIgniter/system/CodeIgniter.php(354): CodeIgniter\CodeIgniter->handleRequest()
#11 /var/www/html/CodeIgniter/system/Boot.php(334): CodeIgniter\CodeIgniter->run()
#12 /var/www/html/CodeIgniter/system/Boot.php(67): CodeIgniter\Boot::runCodeIgniter()
#13 /var/www/html/CodeIgniter/public/index.php(56): CodeIgniter\Boot::bootWeb()
#14 {main}
CRITICAL - 2025-12-01 08:29:51 --> CodeIgniter\Database\Exceptions\DatabaseException: Table 'ci4tutorial.category' doesn't exist
[Method: GET, Route: news]
in SYSTEMPATH/Database/BaseConnection.php on line 692.
 1 SYSTEMPATH/Database/BaseBuilder.php(1649): CodeIgniter\Database\BaseConnection->query()
 2 SYSTEMPATH/Model.php(286): CodeIgniter\Database\BaseBuilder->get()
 3 SYSTEMPATH/BaseModel.php(675): CodeIgniter\Model->doFindAll()
 4 APPPATH/Models/NewsModel.php(23): CodeIgniter\BaseModel->findAll()
 5 APPPATH/Controllers/News.php(14): App\Models\NewsModel->getNews()
 6 SYSTEMPATH/CodeIgniter.php(933): App\Controllers\News->index()
 7 SYSTEMPATH/CodeIgniter.php(507): CodeIgniter\CodeIgniter->runController()
 8 SYSTEMPATH/CodeIgniter.php(354): CodeIgniter\CodeIgniter->handleRequest()
 9 SYSTEMPATH/Boot.php(334): CodeIgniter\CodeIgniter->run()
10 SYSTEMPATH/Boot.php(67): CodeIgniter\Boot::runCodeIgniter()
11 FCPATH/index.php(56): CodeIgniter\Boot::bootWeb()
CRITICAL - 2025-12-01 08:29:51 --> [Caused by] CodeIgniter\Database\Exceptions\DatabaseException: Table 'ci4tutorial.category' doesn't exist
in SYSTEMPATH/Database/MySQLi/Connection.php on line 332.
 1 SYSTEMPATH/Database/BaseConnection.php(738): CodeIgniter\Database\MySQLi\Connection->execute()
 2 SYSTEMPATH/Database/BaseConnection.php(652): CodeIgniter\Database\BaseConnection->simpleQuery()
 3 SYSTEMPATH/Database/BaseBuilder.php(1649): CodeIgniter\Database\BaseConnection->query()
 4 SYSTEMPATH/Model.php(286): CodeIgniter\Database\BaseBuilder->get()
 5 SYSTEMPATH/BaseModel.php(675): CodeIgniter\Model->doFindAll()
 6 APPPATH/Models/NewsModel.php(23): CodeIgniter\BaseModel->findAll()
 7 APPPATH/Controllers/News.php(14): App\Models\NewsModel->getNews()
 8 SYSTEMPATH/CodeIgniter.php(933): App\Controllers\News->index()
 9 SYSTEMPATH/CodeIgniter.php(507): CodeIgniter\CodeIgniter->runController()
10 SYSTEMPATH/CodeIgniter.php(354): CodeIgniter\CodeIgniter->handleRequest()
11 SYSTEMPATH/Boot.php(334): CodeIgniter\CodeIgniter->run()
12 SYSTEMPATH/Boot.php(67): CodeIgniter\Boot::runCodeIgniter()
13 FCPATH/index.php(56): CodeIgniter\Boot::bootWeb()
CRITICAL - 2025-12-01 08:29:51 --> [Caused by] mysqli_sql_exception: Table 'ci4tutorial.category' doesn't exist
in SYSTEMPATH/Database/MySQLi/Connection.php on line 327.
 1 SYSTEMPATH/Database/MySQLi/Connection.php(327): mysqli->query()
 2 SYSTEMPATH/Database/BaseConnection.php(738): CodeIgniter\Database\MySQLi\Connection->execute()
 3 SYSTEMPATH/Database/BaseConnection.php(652): CodeIgniter\Database\BaseConnection->simpleQuery()
 4 SYSTEMPATH/Database/BaseBuilder.php(1649): CodeIgniter\Database\BaseConnection->query()
 5 SYSTEMPATH/Model.php(286): CodeIgniter\Database\BaseBuilder->get()
 6 SYSTEMPATH/BaseModel.php(675): CodeIgniter\Model->doFindAll()
 7 APPPATH/Models/NewsModel.php(23): CodeIgniter\BaseModel->findAll()
 8 APPPATH/Controllers/News.php(14): App\Models\NewsModel->getNews()
 9 SYSTEMPATH/CodeIgniter.php(933): App\Controllers\News->index()
10 SYSTEMPATH/CodeIgniter.php(507): CodeIgniter\CodeIgniter->runController()
11 SYSTEMPATH/CodeIgniter.php(354): CodeIgniter\CodeIgniter->handleRequest()
12 SYSTEMPATH/Boot.php(334): CodeIgniter\CodeIgniter->run()
13 SYSTEMPATH/Boot.php(67): CodeIgniter\Boot::runCodeIgniter()
14 FCPATH/index.php(56): CodeIgniter\Boot::bootWeb()
ERROR - 2025-12-01 08:30:16 --> mysqli_sql_exception: Unknown column 'category.category' in 'field list' in /var/www/html/CodeIgniter/system/Database/MySQLi/Connection.php:327
Stack trace:
#0 /var/www/html/CodeIgniter/system/Database/MySQLi/Connection.php(327): mysqli->query()
#1 /var/www/html/CodeIgniter/system/Database/BaseConnection.php(738): CodeIgniter\Database\MySQLi\Connection->execute()
#2 /var/www/html/CodeIgniter/system/Database/BaseConnection.php(652): CodeIgniter\Database\BaseConnection->simpleQuery()
#3 /var/www/html/CodeIgniter/system/Database/BaseBuilder.php(1649): CodeIgniter\Database\BaseConnection->query()
#4 /var/www/html/CodeIgniter/system/Model.php(286): CodeIgniter\Database\BaseBuilder->get()
#5 /var/www/html/CodeIgniter/system/BaseModel.php(675): CodeIgniter\Model->doFindAll()
#6 /var/www/html/CodeIgniter/app/Models/NewsModel.php(23): CodeIgniter\BaseModel->findAll()
#7 /var/www/html/CodeIgniter/app/Controllers/News.php(14): App\Models\NewsModel->getNews()
#8 /var/www/html/CodeIgniter/system/CodeIgniter.php(933): App\Controllers\News->index()
#9 /var/www/html/CodeIgniter/system/CodeIgniter.php(507): CodeIgniter\CodeIgniter->runController()
#10 /var/www/html/CodeIgniter/system/CodeIgniter.php(354): CodeIgniter\CodeIgniter->handleRequest()
#11 /var/www/html/CodeIgniter/system/Boot.php(334): CodeIgniter\CodeIgniter->run()
#12 /var/www/html/CodeIgniter/system/Boot.php(67): CodeIgniter\Boot::runCodeIgniter()
#13 /var/www/html/CodeIgniter/public/index.php(56): CodeIgniter\Boot::bootWeb()
#14 {main}
CRITICAL - 2025-12-01 08:30:16 --> CodeIgniter\Database\Exceptions\DatabaseException: Unknown column 'category.category' in 'field list'
[Method: GET, Route: news]
in SYSTEMPATH/Database/BaseConnection.php on line 692.
 1 SYSTEMPATH/Database/BaseBuilder.php(1649): CodeIgniter\Database\BaseConnection->query()
 2 SYSTEMPATH/Model.php(286): CodeIgniter\Database\BaseBuilder->get()
 3 SYSTEMPATH/BaseModel.php(675): CodeIgniter\Model->doFindAll()
 4 APPPATH/Models/NewsModel.php(23): CodeIgniter\BaseModel->findAll()
 5 APPPATH/Controllers/News.php(14): App\Models\NewsModel->getNews()
 6 SYSTEMPATH/CodeIgniter.php(933): App\Controllers\News->index()
 7 SYSTEMPATH/CodeIgniter.php(507): CodeIgniter\CodeIgniter->runController()
 8 SYSTEMPATH/CodeIgniter.php(354): CodeIgniter\CodeIgniter->handleRequest()
 9 SYSTEMPATH/Boot.php(334): CodeIgniter\CodeIgniter->run()
10 SYSTEMPATH/Boot.php(67): CodeIgniter\Boot::runCodeIgniter()
11 FCPATH/index.php(56): CodeIgniter\Boot::bootWeb()
CRITICAL - 2025-12-01 08:30:16 --> [Caused by] CodeIgniter\Database\Exceptions\DatabaseException: Unknown column 'category.category' in 'field list'
in SYSTEMPATH/Database/MySQLi/Connection.php on line 332.
 1 SYSTEMPATH/Database/BaseConnection.php(738): CodeIgniter\Database\MySQLi\Connection->execute()
 2 SYSTEMPATH/Database/BaseConnection.php(652): CodeIgniter\Database\BaseConnection->simpleQuery()
 3 SYSTEMPATH/Database/BaseBuilder.php(1649): CodeIgniter\Database\BaseConnection->query()
 4 SYSTEMPATH/Model.php(286): CodeIgniter\Database\BaseBuilder->get()
 5 SYSTEMPATH/BaseModel.php(675): CodeIgniter\Model->doFindAll()
 6 APPPATH/Models/NewsModel.php(23): CodeIgniter\BaseModel->findAll()
 7 APPPATH/Controllers/News.php(14): App\Models\NewsModel->getNews()
 8 SYSTEMPATH/CodeIgniter.php(933): App\Controllers\News->index()
 9 SYSTEMPATH/CodeIgniter.php(507): CodeIgniter\CodeIgniter->runController()
10 SYSTEMPATH/CodeIgniter.php(354): CodeIgniter\CodeIgniter->handleRequest()
11 SYSTEMPATH/Boot.php(334): CodeIgniter\CodeIgniter->run()
12 SYSTEMPATH/Boot.php(67): CodeIgniter\Boot::runCodeIgniter()
13 FCPATH/index.php(56): CodeIgniter\Boot::bootWeb()
CRITICAL - 2025-12-01 08:30:16 --> [Caused by] mysqli_sql_exception: Unknown column 'category.category' in 'field list'
in SYSTEMPATH/Database/MySQLi/Connection.php on line 327.
 1 SYSTEMPATH/Database/MySQLi/Connection.php(327): mysqli->query()
 2 SYSTEMPATH/Database/BaseConnection.php(738): CodeIgniter\Database\MySQLi\Connection->execute()
 3 SYSTEMPATH/Database/BaseConnection.php(652): CodeIgniter\Database\BaseConnection->simpleQuery()
 4 SYSTEMPATH/Database/BaseBuilder.php(1649): CodeIgniter\Database\BaseConnection->query()
 5 SYSTEMPATH/Model.php(286): CodeIgniter\Database\BaseBuilder->get()
 6 SYSTEMPATH/BaseModel.php(675): CodeIgniter\Model->doFindAll()
 7 APPPATH/Models/NewsModel.php(23): CodeIgniter\BaseModel->findAll()
 8 APPPATH/Controllers/News.php(14): App\Models\NewsModel->getNews()
 9 SYSTEMPATH/CodeIgniter.php(933): App\Controllers\News->index()
10 SYSTEMPATH/CodeIgniter.php(507): CodeIgniter\CodeIgniter->runController()
11 SYSTEMPATH/CodeIgniter.php(354): CodeIgniter\CodeIgniter->handleRequest()
12 SYSTEMPATH/Boot.php(334): CodeIgniter\CodeIgniter->run()
13 SYSTEMPATH/Boot.php(67): CodeIgniter\Boot::runCodeIgniter()
14 FCPATH/index.php(56): CodeIgniter\Boot::bootWeb()
ERROR - 2025-12-01 08:30:33 --> mysqli_sql_exception: Unknown column 'category.categories' in 'field list' in /var/www/html/CodeIgniter/system/Database/MySQLi/Connection.php:327
Stack trace:
#0 /var/www/html/CodeIgniter/system/Database/MySQLi/Connection.php(327): mysqli->query()
#1 /var/www/html/CodeIgniter/system/Database/BaseConnection.php(738): CodeIgniter\Database\MySQLi\Connection->execute()
#2 /var/www/html/CodeIgniter/system/Database/BaseConnection.php(652): CodeIgniter\Database\BaseConnection->simpleQuery()
#3 /var/www/html/CodeIgniter/system/Database/BaseBuilder.php(1649): CodeIgniter\Database\BaseConnection->query()
#4 /var/www/html/CodeIgniter/system/Model.php(286): CodeIgniter\Database\BaseBuilder->get()
#5 /var/www/html/CodeIgniter/system/BaseModel.php(675): CodeIgniter\Model->doFindAll()
#6 /var/www/html/CodeIgniter/app/Models/NewsModel.php(23): CodeIgniter\BaseModel->findAll()
#7 /var/www/html/CodeIgniter/app/Controllers/News.php(14): App\Models\NewsModel->getNews()
#8 /var/www/html/CodeIgniter/system/CodeIgniter.php(933): App\Controllers\News->index()
#9 /var/www/html/CodeIgniter/system/CodeIgniter.php(507): CodeIgniter\CodeIgniter->runController()
#10 /var/www/html/CodeIgniter/system/CodeIgniter.php(354): CodeIgniter\CodeIgniter->handleRequest()
#11 /var/www/html/CodeIgniter/system/Boot.php(334): CodeIgniter\CodeIgniter->run()
#12 /var/www/html/CodeIgniter/system/Boot.php(67): CodeIgniter\Boot::runCodeIgniter()
#13 /var/www/html/CodeIgniter/public/index.php(56): CodeIgniter\Boot::bootWeb()
#14 {main}
CRITICAL - 2025-12-01 08:30:33 --> CodeIgniter\Database\Exceptions\DatabaseException: Unknown column 'category.categories' in 'field list'
[Method: GET, Route: news]
in SYSTEMPATH/Database/BaseConnection.php on line 692.
 1 SYSTEMPATH/Database/BaseBuilder.php(1649): CodeIgniter\Database\BaseConnection->query()
 2 SYSTEMPATH/Model.php(286): CodeIgniter\Database\BaseBuilder->get()
 3 SYSTEMPATH/BaseModel.php(675): CodeIgniter\Model->doFindAll()
 4 APPPATH/Models/NewsModel.php(23): CodeIgniter\BaseModel->findAll()
 5 APPPATH/Controllers/News.php(14): App\Models\NewsModel->getNews()
 6 SYSTEMPATH/CodeIgniter.php(933): App\Controllers\News->index()
 7 SYSTEMPATH/CodeIgniter.php(507): CodeIgniter\CodeIgniter->runController()
 8 SYSTEMPATH/CodeIgniter.php(354): CodeIgniter\CodeIgniter->handleRequest()
 9 SYSTEMPATH/Boot.php(334): CodeIgniter\CodeIgniter->run()
10 SYSTEMPATH/Boot.php(67): CodeIgniter\Boot::runCodeIgniter()
11 FCPATH/index.php(56): CodeIgniter\Boot::bootWeb()
CRITICAL - 2025-12-01 08:30:33 --> [Caused by] CodeIgniter\Database\Exceptions\DatabaseException: Unknown column 'category.categories' in 'field list'
in SYSTEMPATH/Database/MySQLi/Connection.php on line 332.
 1 SYSTEMPATH/Database/BaseConnection.php(738): CodeIgniter\Database\MySQLi\Connection->execute()
 2 SYSTEMPATH/Database/BaseConnection.php(652): CodeIgniter\Database\BaseConnection->simpleQuery()
 3 SYSTEMPATH/Database/BaseBuilder.php(1649): CodeIgniter\Database\BaseConnection->query()
 4 SYSTEMPATH/Model.php(286): CodeIgniter\Database\BaseBuilder->get()
 5 SYSTEMPATH/BaseModel.php(675): CodeIgniter\Model->doFindAll()
 6 APPPATH/Models/NewsModel.php(23): CodeIgniter\BaseModel->findAll()
 7 APPPATH/Controllers/News.php(14): App\Models\NewsModel->getNews()
 8 SYSTEMPATH/CodeIgniter.php(933): App\Controllers\News->index()
 9 SYSTEMPATH/CodeIgniter.php(507): CodeIgniter\CodeIgniter->runController()
10 SYSTEMPATH/CodeIgniter.php(354): CodeIgniter\CodeIgniter->handleRequest()
11 SYSTEMPATH/Boot.php(334): CodeIgniter\CodeIgniter->run()
12 SYSTEMPATH/Boot.php(67): CodeIgniter\Boot::runCodeIgniter()
13 FCPATH/index.php(56): CodeIgniter\Boot::bootWeb()
CRITICAL - 2025-12-01 08:30:33 --> [Caused by] mysqli_sql_exception: Unknown column 'category.categories' in 'field list'
in SYSTEMPATH/Database/MySQLi/Connection.php on line 327.
 1 SYSTEMPATH/Database/MySQLi/Connection.php(327): mysqli->query()
 2 SYSTEMPATH/Database/BaseConnection.php(738): CodeIgniter\Database\MySQLi\Connection->execute()
 3 SYSTEMPATH/Database/BaseConnection.php(652): CodeIgniter\Database\BaseConnection->simpleQuery()
 4 SYSTEMPATH/Database/BaseBuilder.php(1649): CodeIgniter\Database\BaseConnection->query()
 5 SYSTEMPATH/Model.php(286): CodeIgniter\Database\BaseBuilder->get()
 6 SYSTEMPATH/BaseModel.php(675): CodeIgniter\Model->doFindAll()
 7 APPPATH/Models/NewsModel.php(23): CodeIgniter\BaseModel->findAll()
 8 APPPATH/Controllers/News.php(14): App\Models\NewsModel->getNews()
 9 SYSTEMPATH/CodeIgniter.php(933): App\Controllers\News->index()
10 SYSTEMPATH/CodeIgniter.php(507): CodeIgniter\CodeIgniter->runController()
11 SYSTEMPATH/CodeIgniter.php(354): CodeIgniter\CodeIgniter->handleRequest()
12 SYSTEMPATH/Boot.php(334): CodeIgniter\CodeIgniter->run()
13 SYSTEMPATH/Boot.php(67): CodeIgniter\Boot::runCodeIgniter()
14 FCPATH/index.php(56): CodeIgniter\Boot::bootWeb()
ERROR - 2025-12-01 08:30:44 --> mysqli_sql_exception: Unknown column 'category.id' in 'on clause' in /var/www/html/CodeIgniter/system/Database/MySQLi/Connection.php:327
Stack trace:
#0 /var/www/html/CodeIgniter/system/Database/MySQLi/Connection.php(327): mysqli->query()
#1 /var/www/html/CodeIgniter/system/Database/BaseConnection.php(738): CodeIgniter\Database\MySQLi\Connection->execute()
#2 /var/www/html/CodeIgniter/system/Database/BaseConnection.php(652): CodeIgniter\Database\BaseConnection->simpleQuery()
#3 /var/www/html/CodeIgniter/system/Database/BaseBuilder.php(1649): CodeIgniter\Database\BaseConnection->query()
#4 /var/www/html/CodeIgniter/system/Model.php(286): CodeIgniter\Database\BaseBuilder->get()
#5 /var/www/html/CodeIgniter/system/BaseModel.php(675): CodeIgniter\Model->doFindAll()
#6 /var/www/html/CodeIgniter/app/Models/NewsModel.php(23): CodeIgniter\BaseModel->findAll()
#7 /var/www/html/CodeIgniter/app/Controllers/News.php(14): App\Models\NewsModel->getNews()
#8 /var/www/html/CodeIgniter/system/CodeIgniter.php(933): App\Controllers\News->index()
#9 /var/www/html/CodeIgniter/system/CodeIgniter.php(507): CodeIgniter\CodeIgniter->runController()
#10 /var/www/html/CodeIgniter/system/CodeIgniter.php(354): CodeIgniter\CodeIgniter->handleRequest()
#11 /var/www/html/CodeIgniter/system/Boot.php(334): CodeIgniter\CodeIgniter->run()
#12 /var/www/html/CodeIgniter/system/Boot.php(67): CodeIgniter\Boot::runCodeIgniter()
#13 /var/www/html/CodeIgniter/public/index.php(56): CodeIgniter\Boot::bootWeb()
#14 {main}
CRITICAL - 2025-12-01 08:30:44 --> CodeIgniter\Database\Exceptions\DatabaseException: Unknown column 'category.id' in 'on clause'
[Method: GET, Route: news]
in SYSTEMPATH/Database/BaseConnection.php on line 692.
 1 SYSTEMPATH/Database/BaseBuilder.php(1649): CodeIgniter\Database\BaseConnection->query()
 2 SYSTEMPATH/Model.php(286): CodeIgniter\Database\BaseBuilder->get()
 3 SYSTEMPATH/BaseModel.php(675): CodeIgniter\Model->doFindAll()
 4 APPPATH/Models/NewsModel.php(23): CodeIgniter\BaseModel->findAll()
 5 APPPATH/Controllers/News.php(14): App\Models\NewsModel->getNews()
 6 SYSTEMPATH/CodeIgniter.php(933): App\Controllers\News->index()
 7 SYSTEMPATH/CodeIgniter.php(507): CodeIgniter\CodeIgniter->runController()
 8 SYSTEMPATH/CodeIgniter.php(354): CodeIgniter\CodeIgniter->handleRequest()
 9 SYSTEMPATH/Boot.php(334): CodeIgniter\CodeIgniter->run()
10 SYSTEMPATH/Boot.php(67): CodeIgniter\Boot::runCodeIgniter()
11 FCPATH/index.php(56): CodeIgniter\Boot::bootWeb()
CRITICAL - 2025-12-01 08:30:44 --> [Caused by] CodeIgniter\Database\Exceptions\DatabaseException: Unknown column 'category.id' in 'on clause'
in SYSTEMPATH/Database/MySQLi/Connection.php on line 332.
 1 SYSTEMPATH/Database/BaseConnection.php(738): CodeIgniter\Database\MySQLi\Connection->execute()
 2 SYSTEMPATH/Database/BaseConnection.php(652): CodeIgniter\Database\BaseConnection->simpleQuery()
 3 SYSTEMPATH/Database/BaseBuilder.php(1649): CodeIgniter\Database\BaseConnection->query()
 4 SYSTEMPATH/Model.php(286): CodeIgniter\Database\BaseBuilder->get()
 5 SYSTEMPATH/BaseModel.php(675): CodeIgniter\Model->doFindAll()
 6 APPPATH/Models/NewsModel.php(23): CodeIgniter\BaseModel->findAll()
 7 APPPATH/Controllers/News.php(14): App\Models\NewsModel->getNews()
 8 SYSTEMPATH/CodeIgniter.php(933): App\Controllers\News->index()
 9 SYSTEMPATH/CodeIgniter.php(507): CodeIgniter\CodeIgniter->runController()
10 SYSTEMPATH/CodeIgniter.php(354): CodeIgniter\CodeIgniter->handleRequest()
11 SYSTEMPATH/Boot.php(334): CodeIgniter\CodeIgniter->run()
12 SYSTEMPATH/Boot.php(67): CodeIgniter\Boot::runCodeIgniter()
13 FCPATH/index.php(56): CodeIgniter\Boot::bootWeb()
CRITICAL - 2025-12-01 08:30:44 --> [Caused by] mysqli_sql_exception: Unknown column 'category.id' in 'on clause'
in SYSTEMPATH/Database/MySQLi/Connection.php on line 327.
 1 SYSTEMPATH/Database/MySQLi/Connection.php(327): mysqli->query()
 2 SYSTEMPATH/Database/BaseConnection.php(738): CodeIgniter\Database\MySQLi\Connection->execute()
 3 SYSTEMPATH/Database/BaseConnection.php(652): CodeIgniter\Database\BaseConnection->simpleQuery()
 4 SYSTEMPATH/Database/BaseBuilder.php(1649): CodeIgniter\Database\BaseConnection->query()
 5 SYSTEMPATH/Model.php(286): CodeIgniter\Database\BaseBuilder->get()
 6 SYSTEMPATH/BaseModel.php(675): CodeIgniter\Model->doFindAll()
 7 APPPATH/Models/NewsModel.php(23): CodeIgniter\BaseModel->findAll()
 8 APPPATH/Controllers/News.php(14): App\Models\NewsModel->getNews()
 9 SYSTEMPATH/CodeIgniter.php(933): App\Controllers\News->index()
10 SYSTEMPATH/CodeIgniter.php(507): CodeIgniter\CodeIgniter->runController()
11 SYSTEMPATH/CodeIgniter.php(354): CodeIgniter\CodeIgniter->handleRequest()
12 SYSTEMPATH/Boot.php(334): CodeIgniter\CodeIgniter->run()
13 SYSTEMPATH/Boot.php(67): CodeIgniter\Boot::runCodeIgniter()
14 FCPATH/index.php(56): CodeIgniter\Boot::bootWeb()
DEBUG - 2025-12-01 08:38:30 --> Session: Class initialized using 'CodeIgniter\Session\Handlers\FileHandler' driver.
DEBUG - 2025-12-01 08:38:52 --> Session: Class initialized using 'CodeIgniter\Session\Handlers\FileHandler' driver.
DEBUG - 2025-12-01 08:39:26 --> Session: Class initialized using 'CodeIgniter\Session\Handlers\FileHandler' driver.
DEBUG - 2025-12-01 08:39:36 --> Session: Class initialized using 'CodeIgniter\Session\Handlers\FileHandler' driver.
DEBUG - 2025-12-01 08:40:06 --> Session: Class initialized using 'CodeIgniter\Session\Handlers\FileHandler' driver.
DEBUG - 2025-12-01 08:40:07 --> Session: Class initialized using 'CodeIgniter\Session\Handlers\FileHandler' driver.
DEBUG - 2025-12-01 08:41:04 --> Session: Class initialized using 'CodeIgniter\Session\Handlers\FileHandler' driver.
CRITICAL - 2025-12-01 08:41:04 --> ErrorException: Undefined variable $category_item
[Method: GET, Route: news/new]
in APPPATH/Views/news/create.php on line 24.
 1 APPPATH/Views/news/create.php(24): CodeIgniter\Debug\Exceptions->errorHandler()
 2 SYSTEMPATH/View/View.php(224): include('/var/www/html/CodeIgniter/app/Views/news/create.php')
 3 SYSTEMPATH/View/View.php(227): CodeIgniter\View\View->{closure:CodeIgniter\View\View::render():221}()
 4 SYSTEMPATH/Common.php(1173): CodeIgniter\View\View->render()
 5 APPPATH/Controllers/News.php(31): view()
 6 SYSTEMPATH/CodeIgniter.php(933): App\Controllers\News->new()
 7 SYSTEMPATH/CodeIgniter.php(507): CodeIgniter\CodeIgniter->runController()
 8 SYSTEMPATH/CodeIgniter.php(354): CodeIgniter\CodeIgniter->handleRequest()
 9 SYSTEMPATH/Boot.php(334): CodeIgniter\CodeIgniter->run()
10 SYSTEMPATH/Boot.php(67): CodeIgniter\Boot::runCodeIgniter()
11 FCPATH/index.php(56): CodeIgniter\Boot::bootWeb()
DEBUG - 2025-12-01 08:41:17 --> Session: Class initialized using 'CodeIgniter\Session\Handlers\FileHandler' driver.
CRITICAL - 2025-12-01 08:41:17 --> ErrorException: Undefined variable $categories_item
[Method: GET, Route: news/new]
in APPPATH/Views/news/create.php on line 24.
 1 APPPATH/Views/news/create.php(24): CodeIgniter\Debug\Exceptions->errorHandler()
 2 SYSTEMPATH/View/View.php(224): include('/var/www/html/CodeIgniter/app/Views/news/create.php')
 3 SYSTEMPATH/View/View.php(227): CodeIgniter\View\View->{closure:CodeIgniter\View\View::render():221}()
 4 SYSTEMPATH/Common.php(1173): CodeIgniter\View\View->render()
 5 APPPATH/Controllers/News.php(31): view()
 6 SYSTEMPATH/CodeIgniter.php(933): App\Controllers\News->new()
 7 SYSTEMPATH/CodeIgniter.php(507): CodeIgniter\CodeIgniter->runController()
 8 SYSTEMPATH/CodeIgniter.php(354): CodeIgniter\CodeIgniter->handleRequest()
 9 SYSTEMPATH/Boot.php(334): CodeIgniter\CodeIgniter->run()
10 SYSTEMPATH/Boot.php(67): CodeIgniter\Boot::runCodeIgniter()
11 FCPATH/index.php(56): CodeIgniter\Boot::bootWeb()
DEBUG - 2025-12-01 08:42:37 --> Session: Class initialized using 'CodeIgniter\Session\Handlers\FileHandler' driver.
DEBUG - 2025-12-01 08:42:46 --> Session: Class initialized using 'CodeIgniter\Session\Handlers\FileHandler' driver.
CRITICAL - 2025-12-01 08:42:46 --> ErrorException: Undefined variable $categories_item
[Method: GET, Route: news/new]
in APPPATH/Views/news/create.php on line 24.
 1 APPPATH/Views/news/create.php(24): CodeIgniter\Debug\Exceptions->errorHandler()
 2 SYSTEMPATH/View/View.php(224): include('/var/www/html/CodeIgniter/app/Views/news/create.php')
 3 SYSTEMPATH/View/View.php(227): CodeIgniter\View\View->{closure:CodeIgniter\View\View::render():221}()
 4 SYSTEMPATH/Common.php(1173): CodeIgniter\View\View->render()
 5 APPPATH/Controllers/News.php(31): view()
 6 SYSTEMPATH/CodeIgniter.php(933): App\Controllers\News->new()
 7 SYSTEMPATH/CodeIgniter.php(507): CodeIgniter\CodeIgniter->runController()
 8 SYSTEMPATH/CodeIgniter.php(354): CodeIgniter\CodeIgniter->handleRequest()
 9 SYSTEMPATH/Boot.php(334): CodeIgniter\CodeIgniter->run()
10 SYSTEMPATH/Boot.php(67): CodeIgniter\Boot::runCodeIgniter()
11 FCPATH/index.php(56): CodeIgniter\Boot::bootWeb()
DEBUG - 2025-12-01 08:43:06 --> Session: Class initialized using 'CodeIgniter\Session\Handlers\FileHandler' driver.
DEBUG - 2025-12-01 08:43:17 --> Session: Class initialized using 'CodeIgniter\Session\Handlers\FileHandler' driver.
CRITICAL - 2025-12-01 08:43:17 --> ErrorException: Undefined variable $category
[Method: GET, Route: news/new]
in APPPATH/Views/news/create.php on line 23.
 1 APPPATH/Views/news/create.php(23): CodeIgniter\Debug\Exceptions->errorHandler()
 2 SYSTEMPATH/View/View.php(224): include('/var/www/html/CodeIgniter/app/Views/news/create.php')
 3 SYSTEMPATH/View/View.php(227): CodeIgniter\View\View->{closure:CodeIgniter\View\View::render():221}()
 4 SYSTEMPATH/Common.php(1173): CodeIgniter\View\View->render()
 5 APPPATH/Controllers/News.php(31): view()
 6 SYSTEMPATH/CodeIgniter.php(933): App\Controllers\News->new()
 7 SYSTEMPATH/CodeIgniter.php(507): CodeIgniter\CodeIgniter->runController()
 8 SYSTEMPATH/CodeIgniter.php(354): CodeIgniter\CodeIgniter->handleRequest()
 9 SYSTEMPATH/Boot.php(334): CodeIgniter\CodeIgniter->run()
10 SYSTEMPATH/Boot.php(67): CodeIgniter\Boot::runCodeIgniter()
11 FCPATH/index.php(56): CodeIgniter\Boot::bootWeb()
DEBUG - 2025-12-01 08:43:25 --> Session: Class initialized using 'CodeIgniter\Session\Handlers\FileHandler' driver.
CRITICAL - 2025-12-01 08:43:25 --> ErrorException: Undefined variable $category_item
[Method: GET, Route: news/new]
in APPPATH/Views/news/create.php on line 24.
 1 APPPATH/Views/news/create.php(24): CodeIgniter\Debug\Exceptions->errorHandler()
 2 SYSTEMPATH/View/View.php(224): include('/var/www/html/CodeIgniter/app/Views/news/create.php')
 3 SYSTEMPATH/View/View.php(227): CodeIgniter\View\View->{closure:CodeIgniter\View\View::render():221}()
 4 SYSTEMPATH/Common.php(1173): CodeIgniter\View\View->render()
 5 APPPATH/Controllers/News.php(31): view()
 6 SYSTEMPATH/CodeIgniter.php(933): App\Controllers\News->new()
 7 SYSTEMPATH/CodeIgniter.php(507): CodeIgniter\CodeIgniter->runController()
 8 SYSTEMPATH/CodeIgniter.php(354): CodeIgniter\CodeIgniter->handleRequest()
 9 SYSTEMPATH/Boot.php(334): CodeIgniter\CodeIgniter->run()
10 SYSTEMPATH/Boot.php(67): CodeIgniter\Boot::runCodeIgniter()
11 FCPATH/index.php(56): CodeIgniter\Boot::bootWeb()
DEBUG - 2025-12-01 08:43:37 --> Session: Class initialized using 'CodeIgniter\Session\Handlers\FileHandler' driver.
CRITICAL - 2025-12-01 08:43:37 --> ErrorException: Undefined variable $categories_item
[Method: GET, Route: news/new]
in APPPATH/Views/news/create.php on line 24.
 1 APPPATH/Views/news/create.php(24): CodeIgniter\Debug\Exceptions->errorHandler()
 2 SYSTEMPATH/View/View.php(224): include('/var/www/html/CodeIgniter/app/Views/news/create.php')
 3 SYSTEMPATH/View/View.php(227): CodeIgniter\View\View->{closure:CodeIgniter\View\View::render():221}()
 4 SYSTEMPATH/Common.php(1173): CodeIgniter\View\View->render()
 5 APPPATH/Controllers/News.php(31): view()
 6 SYSTEMPATH/CodeIgniter.php(933): App\Controllers\News->new()
 7 SYSTEMPATH/CodeIgniter.php(507): CodeIgniter\CodeIgniter->runController()
 8 SYSTEMPATH/CodeIgniter.php(354): CodeIgniter\CodeIgniter->handleRequest()
 9 SYSTEMPATH/Boot.php(334): CodeIgniter\CodeIgniter->run()
10 SYSTEMPATH/Boot.php(67): CodeIgniter\Boot::runCodeIgniter()
11 FCPATH/index.php(56): CodeIgniter\Boot::bootWeb()
DEBUG - 2025-12-01 08:43:45 --> Session: Class initialized using 'CodeIgniter\Session\Handlers\FileHandler' driver.
DEBUG - 2025-12-01 08:50:07 --> Session: Class initialized using 'CodeIgniter\Session\Handlers\FileHandler' driver.
DEBUG - 2025-12-01 08:50:25 --> Session: Class initialized using 'CodeIgniter\Session\Handlers\FileHandler' driver.
CRITICAL - 2025-12-01 08:50:25 --> ErrorException: Undefined variable $category_item
[Method: GET, Route: news/new]
in APPPATH/Views/news/create.php on line 24.
 1 APPPATH/Views/news/create.php(24): CodeIgniter\Debug\Exceptions->errorHandler()
 2 SYSTEMPATH/View/View.php(224): include('/var/www/html/CodeIgniter/app/Views/news/create.php')
 3 SYSTEMPATH/View/View.php(227): CodeIgniter\View\View->{closure:CodeIgniter\View\View::render():221}()
 4 SYSTEMPATH/Common.php(1173): CodeIgniter\View\View->render()
 5 APPPATH/Controllers/News.php(31): view()
 6 SYSTEMPATH/CodeIgniter.php(933): App\Controllers\News->new()
 7 SYSTEMPATH/CodeIgniter.php(507): CodeIgniter\CodeIgniter->runController()
 8 SYSTEMPATH/CodeIgniter.php(354): CodeIgniter\CodeIgniter->handleRequest()
 9 SYSTEMPATH/Boot.php(334): CodeIgniter\CodeIgniter->run()
10 SYSTEMPATH/Boot.php(67): CodeIgniter\Boot::runCodeIgniter()
11 FCPATH/index.php(56): CodeIgniter\Boot::bootWeb()
DEBUG - 2025-12-01 08:53:04 --> Session: Class initialized using 'CodeIgniter\Session\Handlers\FileHandler' driver.
