DEBUG - 2025-11-28 11:27:20 --> Session: Class initialized using 'CodeIgniter\Session\Handlers\FileHandler' driver.
DEBUG - 2025-11-28 11:27:47 --> Session: Class initialized using 'CodeIgniter\Session\Handlers\FileHandler' driver.
DEBUG - 2025-11-28 11:27:52 --> Session: Class initialized using 'CodeIgniter\Session\Handlers\FileHandler' driver.
CRITICAL - 2025-11-28 11:30:38 --> ErrorException: Undefined variable $news_item
[Method: GET, Route: news]
in APPPATH/Views/news/index.php on line 3.
 1 APPPATH/Views/news/index.php(3): CodeIgniter\Debug\Exceptions->errorHandler()
 2 SYSTEMPATH/View/View.php(224): include('/var/www/html/CodeIgniter/app/Views/news/index.php')
 3 SYSTEMPATH/View/View.php(227): CodeIgniter\View\View->{closure:CodeIgniter\View\View::render():221}()
 4 SYSTEMPATH/Common.php(1173): CodeIgniter\View\View->render()
 5 APPPATH/Controllers/News.php(19): view()
 6 SYSTEMPATH/CodeIgniter.php(933): App\Controllers\News->index()
 7 SYSTEMPATH/CodeIgniter.php(507): CodeIgniter\CodeIgniter->runController()
 8 SYSTEMPATH/CodeIgniter.php(354): CodeIgniter\CodeIgniter->handleRequest()
 9 SYSTEMPATH/Boot.php(334): CodeIgniter\CodeIgniter->run()
10 SYSTEMPATH/Boot.php(67): CodeIgniter\Boot::runCodeIgniter()
11 FCPATH/index.php(56): CodeIgniter\Boot::bootWeb()
DEBUG - 2025-11-28 11:31:00 --> Session: Class initialized using 'CodeIgniter\Session\Handlers\FileHandler' driver.
DEBUG - 2025-11-28 11:31:03 --> Session: Class initialized using 'CodeIgniter\Session\Handlers\FileHandler' driver.
DEBUG - 2025-11-28 11:31:28 --> Session: Class initialized using 'CodeIgniter\Session\Handlers\FileHandler' driver.
DEBUG - 2025-11-28 11:31:41 --> Session: Class initialized using 'CodeIgniter\Session\Handlers\FileHandler' driver.
DEBUG - 2025-11-28 11:32:42 --> Session: Class initialized using 'CodeIgniter\Session\Handlers\FileHandler' driver.
DEBUG - 2025-11-28 11:33:54 --> Session: Class initialized using 'CodeIgniter\Session\Handlers\FileHandler' driver.
DEBUG - 2025-11-28 11:33:59 --> Session: Class initialized using 'CodeIgniter\Session\Handlers\FileHandler' driver.
DEBUG - 2025-11-28 11:34:49 --> Session: Class initialized using 'CodeIgniter\Session\Handlers\FileHandler' driver.
DEBUG - 2025-11-28 11:35:18 --> Session: Class initialized using 'CodeIgniter\Session\Handlers\FileHandler' driver.
DEBUG - 2025-11-28 11:35:39 --> Session: Class initialized using 'CodeIgniter\Session\Handlers\FileHandler' driver.
DEBUG - 2025-11-28 11:35:56 --> Session: Class initialized using 'CodeIgniter\Session\Handlers\FileHandler' driver.
DEBUG - 2025-11-28 11:37:03 --> Session: Class initialized using 'CodeIgniter\Session\Handlers\FileHandler' driver.
DEBUG - 2025-11-28 11:37:16 --> Session: Class initialized using 'CodeIgniter\Session\Handlers\FileHandler' driver.
DEBUG - 2025-11-28 11:37:25 --> Session: Class initialized using 'CodeIgniter\Session\Handlers\FileHandler' driver.
DEBUG - 2025-11-28 11:39:14 --> Session: Class initialized using 'CodeIgniter\Session\Handlers\FileHandler' driver.
DEBUG - 2025-11-28 11:39:19 --> Session: Class initialized using 'CodeIgniter\Session\Handlers\FileHandler' driver.
DEBUG - 2025-11-28 11:39:21 --> Session: Class initialized using 'CodeIgniter\Session\Handlers\FileHandler' driver.
DEBUG - 2025-11-28 11:41:32 --> Session: Class initialized using 'CodeIgniter\Session\Handlers\FileHandler' driver.
DEBUG - 2025-11-28 11:48:48 --> Session: Class initialized using 'CodeIgniter\Session\Handlers\FileHandler' driver.
DEBUG - 2025-11-28 11:49:06 --> Session: Class initialized using 'CodeIgniter\Session\Handlers\FileHandler' driver.
DEBUG - 2025-11-28 11:49:16 --> Session: Class initialized using 'CodeIgniter\Session\Handlers\FileHandler' driver.
DEBUG - 2025-11-28 11:49:23 --> Session: Class initialized using 'CodeIgniter\Session\Handlers\FileHandler' driver.
DEBUG - 2025-11-28 11:49:40 --> Session: Class initialized using 'CodeIgniter\Session\Handlers\FileHandler' driver.
DEBUG - 2025-11-28 11:50:42 --> Session: Class initialized using 'CodeIgniter\Session\Handlers\FileHandler' driver.
DEBUG - 2025-11-28 11:50:43 --> Session: Class initialized using 'CodeIgniter\Session\Handlers\FileHandler' driver.
DEBUG - 2025-11-28 12:05:14 --> Session: Class initialized using 'CodeIgniter\Session\Handlers\FileHandler' driver.
DEBUG - 2025-11-28 12:05:54 --> Session: Class initialized using 'CodeIgniter\Session\Handlers\FileHandler' driver.
DEBUG - 2025-11-28 12:06:02 --> Session: Class initialized using 'CodeIgniter\Session\Handlers\FileHandler' driver.
DEBUG - 2025-11-28 12:06:09 --> Session: Class initialized using 'CodeIgniter\Session\Handlers\FileHandler' driver.
DEBUG - 2025-11-28 12:06:12 --> Session: Class initialized using 'CodeIgniter\Session\Handlers\FileHandler' driver.
DEBUG - 2025-11-28 12:06:26 --> Session: Class initialized using 'CodeIgniter\Session\Handlers\FileHandler' driver.
DEBUG - 2025-11-28 12:06:27 --> Session: Class initialized using 'CodeIgniter\Session\Handlers\FileHandler' driver.
DEBUG - 2025-11-28 12:06:34 --> Session: Class initialized using 'CodeIgniter\Session\Handlers\FileHandler' driver.
DEBUG - 2025-11-28 12:06:37 --> Session: Class initialized using 'CodeIgniter\Session\Handlers\FileHandler' driver.
DEBUG - 2025-11-28 12:06:47 --> Session: Class initialized using 'CodeIgniter\Session\Handlers\FileHandler' driver.
DEBUG - 2025-11-28 12:06:48 --> Session: Class initialized using 'CodeIgniter\Session\Handlers\FileHandler' driver.
DEBUG - 2025-11-28 12:06:50 --> Session: Class initialized using 'CodeIgniter\Session\Handlers\FileHandler' driver.
DEBUG - 2025-11-28 12:06:52 --> Session: Class initialized using 'CodeIgniter\Session\Handlers\FileHandler' driver.
DEBUG - 2025-11-28 12:07:39 --> Session: Class initialized using 'CodeIgniter\Session\Handlers\FileHandler' driver.
DEBUG - 2025-11-28 12:07:59 --> Session: Class initialized using 'CodeIgniter\Session\Handlers\FileHandler' driver.
DEBUG - 2025-11-28 12:08:17 --> Session: Class initialized using 'CodeIgniter\Session\Handlers\FileHandler' driver.
DEBUG - 2025-11-28 12:08:43 --> Session: Class initialized using 'CodeIgniter\Session\Handlers\FileHandler' driver.
DEBUG - 2025-11-28 12:08:56 --> Session: Class initialized using 'CodeIgniter\Session\Handlers\FileHandler' driver.
DEBUG - 2025-11-28 12:09:16 --> Session: Class initialized using 'CodeIgniter\Session\Handlers\FileHandler' driver.
DEBUG - 2025-11-28 12:09:33 --> Session: Class initialized using 'CodeIgniter\Session\Handlers\FileHandler' driver.
DEBUG - 2025-11-28 12:09:54 --> Session: Class initialized using 'CodeIgniter\Session\Handlers\FileHandler' driver.
DEBUG - 2025-11-28 12:10:36 --> Session: Class initialized using 'CodeIgniter\Session\Handlers\FileHandler' driver.
DEBUG - 2025-11-28 12:10:45 --> Session: Class initialized using 'CodeIgniter\Session\Handlers\FileHandler' driver.
DEBUG - 2025-11-28 12:11:20 --> Session: Class initialized using 'CodeIgniter\Session\Handlers\FileHandler' driver.
INFO - 2025-11-28 12:11:26 --> CSRF token verified.
DEBUG - 2025-11-28 12:11:26 --> Session: Class initialized using 'CodeIgniter\Session\Handlers\FileHandler' driver.
INFO - 2025-11-28 12:11:33 --> CSRF token verified.
CRITICAL - 2025-11-28 12:11:33 --> CodeIgniter\View\Exceptions\ViewException: Invalid file: "news/success.php"
[Method: POST, Route: news]
in SYSTEMPATH/Exceptions/FrameworkException.php on line 39.
 1 SYSTEMPATH/View/View.php(212): CodeIgniter\Exceptions\FrameworkException::forInvalidFile()
 2 SYSTEMPATH/Common.php(1173): CodeIgniter\View\View->render()
 3 APPPATH/Controllers/News.php(59): view()
 4 SYSTEMPATH/CodeIgniter.php(933): App\Controllers\News->create()
 5 SYSTEMPATH/CodeIgniter.php(507): CodeIgniter\CodeIgniter->runController()
 6 SYSTEMPATH/CodeIgniter.php(354): CodeIgniter\CodeIgniter->handleRequest()
 7 SYSTEMPATH/Boot.php(334): CodeIgniter\CodeIgniter->run()
 8 SYSTEMPATH/Boot.php(67): CodeIgniter\Boot::runCodeIgniter()
 9 FCPATH/index.php(56): CodeIgniter\Boot::bootWeb()
INFO - 2025-11-28 12:12:13 --> CSRF token verified.
ERROR - 2025-11-28 12:12:13 --> mysqli_sql_exception: Duplicate entry 'prueba' for key 'news.slug' in /var/www/html/CodeIgniter/system/Database/MySQLi/Connection.php:327
Stack trace:
#0 /var/www/html/CodeIgniter/system/Database/MySQLi/Connection.php(327): mysqli->query()
#1 /var/www/html/CodeIgniter/system/Database/BaseConnection.php(738): CodeIgniter\Database\MySQLi\Connection->execute()
#2 /var/www/html/CodeIgniter/system/Database/BaseConnection.php(652): CodeIgniter\Database\BaseConnection->simpleQuery()
#3 /var/www/html/CodeIgniter/system/Database/BaseBuilder.php(2345): CodeIgniter\Database\BaseConnection->query()
#4 /var/www/html/CodeIgniter/system/Model.php(394): CodeIgniter\Database\BaseBuilder->insert()
#5 /var/www/html/CodeIgniter/system/BaseModel.php(839): CodeIgniter\Model->doInsert()
#6 /var/www/html/CodeIgniter/system/Model.php(800): CodeIgniter\BaseModel->insert()
#7 /var/www/html/CodeIgniter/system/BaseModel.php(750): CodeIgniter\Model->insert()
#8 /var/www/html/CodeIgniter/app/Controllers/News.php(52): CodeIgniter\BaseModel->save()
#9 /var/www/html/CodeIgniter/system/CodeIgniter.php(933): App\Controllers\News->create()
#10 /var/www/html/CodeIgniter/system/CodeIgniter.php(507): CodeIgniter\CodeIgniter->runController()
#11 /var/www/html/CodeIgniter/system/CodeIgniter.php(354): CodeIgniter\CodeIgniter->handleRequest()
#12 /var/www/html/CodeIgniter/system/Boot.php(334): CodeIgniter\CodeIgniter->run()
#13 /var/www/html/CodeIgniter/system/Boot.php(67): CodeIgniter\Boot::runCodeIgniter()
#14 /var/www/html/CodeIgniter/public/index.php(56): CodeIgniter\Boot::bootWeb()
#15 {main}
CRITICAL - 2025-11-28 12:12:13 --> CodeIgniter\Database\Exceptions\DatabaseException: Duplicate entry 'prueba' for key 'news.slug'
[Method: POST, Route: news]
in SYSTEMPATH/Database/BaseConnection.php on line 692.
 1 SYSTEMPATH/Database/BaseBuilder.php(2345): CodeIgniter\Database\BaseConnection->query()
 2 SYSTEMPATH/Model.php(394): CodeIgniter\Database\BaseBuilder->insert()
 3 SYSTEMPATH/BaseModel.php(839): CodeIgniter\Model->doInsert()
 4 SYSTEMPATH/Model.php(800): CodeIgniter\BaseModel->insert()
 5 SYSTEMPATH/BaseModel.php(750): CodeIgniter\Model->insert()
 6 APPPATH/Controllers/News.php(52): CodeIgniter\BaseModel->save()
 7 SYSTEMPATH/CodeIgniter.php(933): App\Controllers\News->create()
 8 SYSTEMPATH/CodeIgniter.php(507): CodeIgniter\CodeIgniter->runController()
 9 SYSTEMPATH/CodeIgniter.php(354): CodeIgniter\CodeIgniter->handleRequest()
10 SYSTEMPATH/Boot.php(334): CodeIgniter\CodeIgniter->run()
11 SYSTEMPATH/Boot.php(67): CodeIgniter\Boot::runCodeIgniter()
12 FCPATH/index.php(56): CodeIgniter\Boot::bootWeb()
CRITICAL - 2025-11-28 12:12:13 --> [Caused by] CodeIgniter\Database\Exceptions\DatabaseException: Duplicate entry 'prueba' for key 'news.slug'
in SYSTEMPATH/Database/MySQLi/Connection.php on line 332.
 1 SYSTEMPATH/Database/BaseConnection.php(738): CodeIgniter\Database\MySQLi\Connection->execute()
 2 SYSTEMPATH/Database/BaseConnection.php(652): CodeIgniter\Database\BaseConnection->simpleQuery()
 3 SYSTEMPATH/Database/BaseBuilder.php(2345): CodeIgniter\Database\BaseConnection->query()
 4 SYSTEMPATH/Model.php(394): CodeIgniter\Database\BaseBuilder->insert()
 5 SYSTEMPATH/BaseModel.php(839): CodeIgniter\Model->doInsert()
 6 SYSTEMPATH/Model.php(800): CodeIgniter\BaseModel->insert()
 7 SYSTEMPATH/BaseModel.php(750): CodeIgniter\Model->insert()
 8 APPPATH/Controllers/News.php(52): CodeIgniter\BaseModel->save()
 9 SYSTEMPATH/CodeIgniter.php(933): App\Controllers\News->create()
10 SYSTEMPATH/CodeIgniter.php(507): CodeIgniter\CodeIgniter->runController()
11 SYSTEMPATH/CodeIgniter.php(354): CodeIgniter\CodeIgniter->handleRequest()
12 SYSTEMPATH/Boot.php(334): CodeIgniter\CodeIgniter->run()
13 SYSTEMPATH/Boot.php(67): CodeIgniter\Boot::runCodeIgniter()
14 FCPATH/index.php(56): CodeIgniter\Boot::bootWeb()
CRITICAL - 2025-11-28 12:12:13 --> [Caused by] mysqli_sql_exception: Duplicate entry 'prueba' for key 'news.slug'
in SYSTEMPATH/Database/MySQLi/Connection.php on line 327.
 1 SYSTEMPATH/Database/MySQLi/Connection.php(327): mysqli->query()
 2 SYSTEMPATH/Database/BaseConnection.php(738): CodeIgniter\Database\MySQLi\Connection->execute()
 3 SYSTEMPATH/Database/BaseConnection.php(652): CodeIgniter\Database\BaseConnection->simpleQuery()
 4 SYSTEMPATH/Database/BaseBuilder.php(2345): CodeIgniter\Database\BaseConnection->query()
 5 SYSTEMPATH/Model.php(394): CodeIgniter\Database\BaseBuilder->insert()
 6 SYSTEMPATH/BaseModel.php(839): CodeIgniter\Model->doInsert()
 7 SYSTEMPATH/Model.php(800): CodeIgniter\BaseModel->insert()
 8 SYSTEMPATH/BaseModel.php(750): CodeIgniter\Model->insert()
 9 APPPATH/Controllers/News.php(52): CodeIgniter\BaseModel->save()
10 SYSTEMPATH/CodeIgniter.php(933): App\Controllers\News->create()
11 SYSTEMPATH/CodeIgniter.php(507): CodeIgniter\CodeIgniter->runController()
12 SYSTEMPATH/CodeIgniter.php(354): CodeIgniter\CodeIgniter->handleRequest()
13 SYSTEMPATH/Boot.php(334): CodeIgniter\CodeIgniter->run()
14 SYSTEMPATH/Boot.php(67): CodeIgniter\Boot::runCodeIgniter()
15 FCPATH/index.php(56): CodeIgniter\Boot::bootWeb()
CRITICAL - 2025-11-28 12:12:24 --> CodeIgniter\Security\Exceptions\SecurityException: The action you requested is not allowed.
[Method: POST, Route: news]
in SYSTEMPATH/Security/Security.php on line 262.
 1 SYSTEMPATH/Security/Security.php(262): CodeIgniter\Security\Exceptions\SecurityException::forDisallowedAction()
 2 SYSTEMPATH/Filters/CSRF.php(52): CodeIgniter\Security\Security->verify()
 3 SYSTEMPATH/Filters/Filters.php(241): CodeIgniter\Filters\CSRF->before()
 4 SYSTEMPATH/Filters/Filters.php(221): CodeIgniter\Filters\Filters->runBefore()
 5 SYSTEMPATH/CodeIgniter.php(479): CodeIgniter\Filters\Filters->run()
 6 SYSTEMPATH/CodeIgniter.php(354): CodeIgniter\CodeIgniter->handleRequest()
 7 SYSTEMPATH/Boot.php(334): CodeIgniter\CodeIgniter->run()
 8 SYSTEMPATH/Boot.php(67): CodeIgniter\Boot::runCodeIgniter()
 9 FCPATH/index.php(56): CodeIgniter\Boot::bootWeb()
DEBUG - 2025-11-28 12:12:25 --> Session: Class initialized using 'CodeIgniter\Session\Handlers\FileHandler' driver.
DEBUG - 2025-11-28 12:12:25 --> Session: Class initialized using 'CodeIgniter\Session\Handlers\FileHandler' driver.
DEBUG - 2025-11-28 12:12:28 --> Session: Class initialized using 'CodeIgniter\Session\Handlers\FileHandler' driver.
INFO - 2025-11-28 12:12:33 --> CSRF token verified.
ERROR - 2025-11-28 12:12:33 --> mysqli_sql_exception: Duplicate entry 'prueba' for key 'news.slug' in /var/www/html/CodeIgniter/system/Database/MySQLi/Connection.php:327
Stack trace:
#0 /var/www/html/CodeIgniter/system/Database/MySQLi/Connection.php(327): mysqli->query()
#1 /var/www/html/CodeIgniter/system/Database/BaseConnection.php(738): CodeIgniter\Database\MySQLi\Connection->execute()
#2 /var/www/html/CodeIgniter/system/Database/BaseConnection.php(652): CodeIgniter\Database\BaseConnection->simpleQuery()
#3 /var/www/html/CodeIgniter/system/Database/BaseBuilder.php(2345): CodeIgniter\Database\BaseConnection->query()
#4 /var/www/html/CodeIgniter/system/Model.php(394): CodeIgniter\Database\BaseBuilder->insert()
#5 /var/www/html/CodeIgniter/system/BaseModel.php(839): CodeIgniter\Model->doInsert()
#6 /var/www/html/CodeIgniter/system/Model.php(800): CodeIgniter\BaseModel->insert()
#7 /var/www/html/CodeIgniter/system/BaseModel.php(750): CodeIgniter\Model->insert()
#8 /var/www/html/CodeIgniter/app/Controllers/News.php(52): CodeIgniter\BaseModel->save()
#9 /var/www/html/CodeIgniter/system/CodeIgniter.php(933): App\Controllers\News->create()
#10 /var/www/html/CodeIgniter/system/CodeIgniter.php(507): CodeIgniter\CodeIgniter->runController()
#11 /var/www/html/CodeIgniter/system/CodeIgniter.php(354): CodeIgniter\CodeIgniter->handleRequest()
#12 /var/www/html/CodeIgniter/system/Boot.php(334): CodeIgniter\CodeIgniter->run()
#13 /var/www/html/CodeIgniter/system/Boot.php(67): CodeIgniter\Boot::runCodeIgniter()
#14 /var/www/html/CodeIgniter/public/index.php(56): CodeIgniter\Boot::bootWeb()
#15 {main}
CRITICAL - 2025-11-28 12:12:33 --> CodeIgniter\Database\Exceptions\DatabaseException: Duplicate entry 'prueba' for key 'news.slug'
[Method: POST, Route: news]
in SYSTEMPATH/Database/BaseConnection.php on line 692.
 1 SYSTEMPATH/Database/BaseBuilder.php(2345): CodeIgniter\Database\BaseConnection->query()
 2 SYSTEMPATH/Model.php(394): CodeIgniter\Database\BaseBuilder->insert()
 3 SYSTEMPATH/BaseModel.php(839): CodeIgniter\Model->doInsert()
 4 SYSTEMPATH/Model.php(800): CodeIgniter\BaseModel->insert()
 5 SYSTEMPATH/BaseModel.php(750): CodeIgniter\Model->insert()
 6 APPPATH/Controllers/News.php(52): CodeIgniter\BaseModel->save()
 7 SYSTEMPATH/CodeIgniter.php(933): App\Controllers\News->create()
 8 SYSTEMPATH/CodeIgniter.php(507): CodeIgniter\CodeIgniter->runController()
 9 SYSTEMPATH/CodeIgniter.php(354): CodeIgniter\CodeIgniter->handleRequest()
10 SYSTEMPATH/Boot.php(334): CodeIgniter\CodeIgniter->run()
11 SYSTEMPATH/Boot.php(67): CodeIgniter\Boot::runCodeIgniter()
12 FCPATH/index.php(56): CodeIgniter\Boot::bootWeb()
CRITICAL - 2025-11-28 12:12:33 --> [Caused by] CodeIgniter\Database\Exceptions\DatabaseException: Duplicate entry 'prueba' for key 'news.slug'
in SYSTEMPATH/Database/MySQLi/Connection.php on line 332.
 1 SYSTEMPATH/Database/BaseConnection.php(738): CodeIgniter\Database\MySQLi\Connection->execute()
 2 SYSTEMPATH/Database/BaseConnection.php(652): CodeIgniter\Database\BaseConnection->simpleQuery()
 3 SYSTEMPATH/Database/BaseBuilder.php(2345): CodeIgniter\Database\BaseConnection->query()
 4 SYSTEMPATH/Model.php(394): CodeIgniter\Database\BaseBuilder->insert()
 5 SYSTEMPATH/BaseModel.php(839): CodeIgniter\Model->doInsert()
 6 SYSTEMPATH/Model.php(800): CodeIgniter\BaseModel->insert()
 7 SYSTEMPATH/BaseModel.php(750): CodeIgniter\Model->insert()
 8 APPPATH/Controllers/News.php(52): CodeIgniter\BaseModel->save()
 9 SYSTEMPATH/CodeIgniter.php(933): App\Controllers\News->create()
10 SYSTEMPATH/CodeIgniter.php(507): CodeIgniter\CodeIgniter->runController()
11 SYSTEMPATH/CodeIgniter.php(354): CodeIgniter\CodeIgniter->handleRequest()
12 SYSTEMPATH/Boot.php(334): CodeIgniter\CodeIgniter->run()
13 SYSTEMPATH/Boot.php(67): CodeIgniter\Boot::runCodeIgniter()
14 FCPATH/index.php(56): CodeIgniter\Boot::bootWeb()
CRITICAL - 2025-11-28 12:12:33 --> [Caused by] mysqli_sql_exception: Duplicate entry 'prueba' for key 'news.slug'
in SYSTEMPATH/Database/MySQLi/Connection.php on line 327.
 1 SYSTEMPATH/Database/MySQLi/Connection.php(327): mysqli->query()
 2 SYSTEMPATH/Database/BaseConnection.php(738): CodeIgniter\Database\MySQLi\Connection->execute()
 3 SYSTEMPATH/Database/BaseConnection.php(652): CodeIgniter\Database\BaseConnection->simpleQuery()
 4 SYSTEMPATH/Database/BaseBuilder.php(2345): CodeIgniter\Database\BaseConnection->query()
 5 SYSTEMPATH/Model.php(394): CodeIgniter\Database\BaseBuilder->insert()
 6 SYSTEMPATH/BaseModel.php(839): CodeIgniter\Model->doInsert()
 7 SYSTEMPATH/Model.php(800): CodeIgniter\BaseModel->insert()
 8 SYSTEMPATH/BaseModel.php(750): CodeIgniter\Model->insert()
 9 APPPATH/Controllers/News.php(52): CodeIgniter\BaseModel->save()
10 SYSTEMPATH/CodeIgniter.php(933): App\Controllers\News->create()
11 SYSTEMPATH/CodeIgniter.php(507): CodeIgniter\CodeIgniter->runController()
12 SYSTEMPATH/CodeIgniter.php(354): CodeIgniter\CodeIgniter->handleRequest()
13 SYSTEMPATH/Boot.php(334): CodeIgniter\CodeIgniter->run()
14 SYSTEMPATH/Boot.php(67): CodeIgniter\Boot::runCodeIgniter()
15 FCPATH/index.php(56): CodeIgniter\Boot::bootWeb()
INFO - 2025-11-28 12:14:14 --> CSRF token verified.
ERROR - 2025-11-28 12:14:14 --> mysqli_sql_exception: Duplicate entry 'prueba' for key 'news.slug' in /var/www/html/CodeIgniter/system/Database/MySQLi/Connection.php:327
Stack trace:
#0 /var/www/html/CodeIgniter/system/Database/MySQLi/Connection.php(327): mysqli->query()
#1 /var/www/html/CodeIgniter/system/Database/BaseConnection.php(738): CodeIgniter\Database\MySQLi\Connection->execute()
#2 /var/www/html/CodeIgniter/system/Database/BaseConnection.php(652): CodeIgniter\Database\BaseConnection->simpleQuery()
#3 /var/www/html/CodeIgniter/system/Database/BaseBuilder.php(2345): CodeIgniter\Database\BaseConnection->query()
#4 /var/www/html/CodeIgniter/system/Model.php(394): CodeIgniter\Database\BaseBuilder->insert()
#5 /var/www/html/CodeIgniter/system/BaseModel.php(839): CodeIgniter\Model->doInsert()
#6 /var/www/html/CodeIgniter/system/Model.php(800): CodeIgniter\BaseModel->insert()
#7 /var/www/html/CodeIgniter/system/BaseModel.php(750): CodeIgniter\Model->insert()
#8 /var/www/html/CodeIgniter/app/Controllers/News.php(52): CodeIgniter\BaseModel->save()
#9 /var/www/html/CodeIgniter/system/CodeIgniter.php(933): App\Controllers\News->create()
#10 /var/www/html/CodeIgniter/system/CodeIgniter.php(507): CodeIgniter\CodeIgniter->runController()
#11 /var/www/html/CodeIgniter/system/CodeIgniter.php(354): CodeIgniter\CodeIgniter->handleRequest()
#12 /var/www/html/CodeIgniter/system/Boot.php(334): CodeIgniter\CodeIgniter->run()
#13 /var/www/html/CodeIgniter/system/Boot.php(67): CodeIgniter\Boot::runCodeIgniter()
#14 /var/www/html/CodeIgniter/public/index.php(56): CodeIgniter\Boot::bootWeb()
#15 {main}
CRITICAL - 2025-11-28 12:14:14 --> CodeIgniter\Database\Exceptions\DatabaseException: Duplicate entry 'prueba' for key 'news.slug'
[Method: POST, Route: news]
in SYSTEMPATH/Database/BaseConnection.php on line 692.
 1 SYSTEMPATH/Database/BaseBuilder.php(2345): CodeIgniter\Database\BaseConnection->query()
 2 SYSTEMPATH/Model.php(394): CodeIgniter\Database\BaseBuilder->insert()
 3 SYSTEMPATH/BaseModel.php(839): CodeIgniter\Model->doInsert()
 4 SYSTEMPATH/Model.php(800): CodeIgniter\BaseModel->insert()
 5 SYSTEMPATH/BaseModel.php(750): CodeIgniter\Model->insert()
 6 APPPATH/Controllers/News.php(52): CodeIgniter\BaseModel->save()
 7 SYSTEMPATH/CodeIgniter.php(933): App\Controllers\News->create()
 8 SYSTEMPATH/CodeIgniter.php(507): CodeIgniter\CodeIgniter->runController()
 9 SYSTEMPATH/CodeIgniter.php(354): CodeIgniter\CodeIgniter->handleRequest()
10 SYSTEMPATH/Boot.php(334): CodeIgniter\CodeIgniter->run()
11 SYSTEMPATH/Boot.php(67): CodeIgniter\Boot::runCodeIgniter()
12 FCPATH/index.php(56): CodeIgniter\Boot::bootWeb()
CRITICAL - 2025-11-28 12:14:14 --> [Caused by] CodeIgniter\Database\Exceptions\DatabaseException: Duplicate entry 'prueba' for key 'news.slug'
in SYSTEMPATH/Database/MySQLi/Connection.php on line 332.
 1 SYSTEMPATH/Database/BaseConnection.php(738): CodeIgniter\Database\MySQLi\Connection->execute()
 2 SYSTEMPATH/Database/BaseConnection.php(652): CodeIgniter\Database\BaseConnection->simpleQuery()
 3 SYSTEMPATH/Database/BaseBuilder.php(2345): CodeIgniter\Database\BaseConnection->query()
 4 SYSTEMPATH/Model.php(394): CodeIgniter\Database\BaseBuilder->insert()
 5 SYSTEMPATH/BaseModel.php(839): CodeIgniter\Model->doInsert()
 6 SYSTEMPATH/Model.php(800): CodeIgniter\BaseModel->insert()
 7 SYSTEMPATH/BaseModel.php(750): CodeIgniter\Model->insert()
 8 APPPATH/Controllers/News.php(52): CodeIgniter\BaseModel->save()
 9 SYSTEMPATH/CodeIgniter.php(933): App\Controllers\News->create()
10 SYSTEMPATH/CodeIgniter.php(507): CodeIgniter\CodeIgniter->runController()
11 SYSTEMPATH/CodeIgniter.php(354): CodeIgniter\CodeIgniter->handleRequest()
12 SYSTEMPATH/Boot.php(334): CodeIgniter\CodeIgniter->run()
13 SYSTEMPATH/Boot.php(67): CodeIgniter\Boot::runCodeIgniter()
14 FCPATH/index.php(56): CodeIgniter\Boot::bootWeb()
CRITICAL - 2025-11-28 12:14:14 --> [Caused by] mysqli_sql_exception: Duplicate entry 'prueba' for key 'news.slug'
in SYSTEMPATH/Database/MySQLi/Connection.php on line 327.
 1 SYSTEMPATH/Database/MySQLi/Connection.php(327): mysqli->query()
 2 SYSTEMPATH/Database/BaseConnection.php(738): CodeIgniter\Database\MySQLi\Connection->execute()
 3 SYSTEMPATH/Database/BaseConnection.php(652): CodeIgniter\Database\BaseConnection->simpleQuery()
 4 SYSTEMPATH/Database/BaseBuilder.php(2345): CodeIgniter\Database\BaseConnection->query()
 5 SYSTEMPATH/Model.php(394): CodeIgniter\Database\BaseBuilder->insert()
 6 SYSTEMPATH/BaseModel.php(839): CodeIgniter\Model->doInsert()
 7 SYSTEMPATH/Model.php(800): CodeIgniter\BaseModel->insert()
 8 SYSTEMPATH/BaseModel.php(750): CodeIgniter\Model->insert()
 9 APPPATH/Controllers/News.php(52): CodeIgniter\BaseModel->save()
10 SYSTEMPATH/CodeIgniter.php(933): App\Controllers\News->create()
11 SYSTEMPATH/CodeIgniter.php(507): CodeIgniter\CodeIgniter->runController()
12 SYSTEMPATH/CodeIgniter.php(354): CodeIgniter\CodeIgniter->handleRequest()
13 SYSTEMPATH/Boot.php(334): CodeIgniter\CodeIgniter->run()
14 SYSTEMPATH/Boot.php(67): CodeIgniter\Boot::runCodeIgniter()
15 FCPATH/index.php(56): CodeIgniter\Boot::bootWeb()
DEBUG - 2025-11-28 12:14:47 --> Session: Class initialized using 'CodeIgniter\Session\Handlers\FileHandler' driver.
INFO - 2025-11-28 12:14:54 --> CSRF token verified.
DEBUG - 2025-11-28 12:15:18 --> Session: Class initialized using 'CodeIgniter\Session\Handlers\FileHandler' driver.
INFO - 2025-11-28 12:15:24 --> CSRF token verified.
ERROR - 2025-11-28 12:15:24 --> mysqli_sql_exception: Duplicate entry 'prueba' for key 'news.slug' in /var/www/html/CodeIgniter/system/Database/MySQLi/Connection.php:327
Stack trace:
#0 /var/www/html/CodeIgniter/system/Database/MySQLi/Connection.php(327): mysqli->query()
#1 /var/www/html/CodeIgniter/system/Database/BaseConnection.php(738): CodeIgniter\Database\MySQLi\Connection->execute()
#2 /var/www/html/CodeIgniter/system/Database/BaseConnection.php(652): CodeIgniter\Database\BaseConnection->simpleQuery()
#3 /var/www/html/CodeIgniter/system/Database/BaseBuilder.php(2345): CodeIgniter\Database\BaseConnection->query()
#4 /var/www/html/CodeIgniter/system/Model.php(394): CodeIgniter\Database\BaseBuilder->insert()
#5 /var/www/html/CodeIgniter/system/BaseModel.php(839): CodeIgniter\Model->doInsert()
#6 /var/www/html/CodeIgniter/system/Model.php(800): CodeIgniter\BaseModel->insert()
#7 /var/www/html/CodeIgniter/system/BaseModel.php(750): CodeIgniter\Model->insert()
#8 /var/www/html/CodeIgniter/app/Controllers/News.php(52): CodeIgniter\BaseModel->save()
#9 /var/www/html/CodeIgniter/system/CodeIgniter.php(933): App\Controllers\News->create()
#10 /var/www/html/CodeIgniter/system/CodeIgniter.php(507): CodeIgniter\CodeIgniter->runController()
#11 /var/www/html/CodeIgniter/system/CodeIgniter.php(354): CodeIgniter\CodeIgniter->handleRequest()
#12 /var/www/html/CodeIgniter/system/Boot.php(334): CodeIgniter\CodeIgniter->run()
#13 /var/www/html/CodeIgniter/system/Boot.php(67): CodeIgniter\Boot::runCodeIgniter()
#14 /var/www/html/CodeIgniter/public/index.php(56): CodeIgniter\Boot::bootWeb()
#15 {main}
CRITICAL - 2025-11-28 12:15:24 --> CodeIgniter\Database\Exceptions\DatabaseException: Duplicate entry 'prueba' for key 'news.slug'
[Method: POST, Route: news]
in SYSTEMPATH/Database/BaseConnection.php on line 692.
 1 SYSTEMPATH/Database/BaseBuilder.php(2345): CodeIgniter\Database\BaseConnection->query()
 2 SYSTEMPATH/Model.php(394): CodeIgniter\Database\BaseBuilder->insert()
 3 SYSTEMPATH/BaseModel.php(839): CodeIgniter\Model->doInsert()
 4 SYSTEMPATH/Model.php(800): CodeIgniter\BaseModel->insert()
 5 SYSTEMPATH/BaseModel.php(750): CodeIgniter\Model->insert()
 6 APPPATH/Controllers/News.php(52): CodeIgniter\BaseModel->save()
 7 SYSTEMPATH/CodeIgniter.php(933): App\Controllers\News->create()
 8 SYSTEMPATH/CodeIgniter.php(507): CodeIgniter\CodeIgniter->runController()
 9 SYSTEMPATH/CodeIgniter.php(354): CodeIgniter\CodeIgniter->handleRequest()
10 SYSTEMPATH/Boot.php(334): CodeIgniter\CodeIgniter->run()
11 SYSTEMPATH/Boot.php(67): CodeIgniter\Boot::runCodeIgniter()
12 FCPATH/index.php(56): CodeIgniter\Boot::bootWeb()
CRITICAL - 2025-11-28 12:15:24 --> [Caused by] CodeIgniter\Database\Exceptions\DatabaseException: Duplicate entry 'prueba' for key 'news.slug'
in SYSTEMPATH/Database/MySQLi/Connection.php on line 332.
 1 SYSTEMPATH/Database/BaseConnection.php(738): CodeIgniter\Database\MySQLi\Connection->execute()
 2 SYSTEMPATH/Database/BaseConnection.php(652): CodeIgniter\Database\BaseConnection->simpleQuery()
 3 SYSTEMPATH/Database/BaseBuilder.php(2345): CodeIgniter\Database\BaseConnection->query()
 4 SYSTEMPATH/Model.php(394): CodeIgniter\Database\BaseBuilder->insert()
 5 SYSTEMPATH/BaseModel.php(839): CodeIgniter\Model->doInsert()
 6 SYSTEMPATH/Model.php(800): CodeIgniter\BaseModel->insert()
 7 SYSTEMPATH/BaseModel.php(750): CodeIgniter\Model->insert()
 8 APPPATH/Controllers/News.php(52): CodeIgniter\BaseModel->save()
 9 SYSTEMPATH/CodeIgniter.php(933): App\Controllers\News->create()
10 SYSTEMPATH/CodeIgniter.php(507): CodeIgniter\CodeIgniter->runController()
11 SYSTEMPATH/CodeIgniter.php(354): CodeIgniter\CodeIgniter->handleRequest()
12 SYSTEMPATH/Boot.php(334): CodeIgniter\CodeIgniter->run()
13 SYSTEMPATH/Boot.php(67): CodeIgniter\Boot::runCodeIgniter()
14 FCPATH/index.php(56): CodeIgniter\Boot::bootWeb()
CRITICAL - 2025-11-28 12:15:24 --> [Caused by] mysqli_sql_exception: Duplicate entry 'prueba' for key 'news.slug'
in SYSTEMPATH/Database/MySQLi/Connection.php on line 327.
 1 SYSTEMPATH/Database/MySQLi/Connection.php(327): mysqli->query()
 2 SYSTEMPATH/Database/BaseConnection.php(738): CodeIgniter\Database\MySQLi\Connection->execute()
 3 SYSTEMPATH/Database/BaseConnection.php(652): CodeIgniter\Database\BaseConnection->simpleQuery()
 4 SYSTEMPATH/Database/BaseBuilder.php(2345): CodeIgniter\Database\BaseConnection->query()
 5 SYSTEMPATH/Model.php(394): CodeIgniter\Database\BaseBuilder->insert()
 6 SYSTEMPATH/BaseModel.php(839): CodeIgniter\Model->doInsert()
 7 SYSTEMPATH/Model.php(800): CodeIgniter\BaseModel->insert()
 8 SYSTEMPATH/BaseModel.php(750): CodeIgniter\Model->insert()
 9 APPPATH/Controllers/News.php(52): CodeIgniter\BaseModel->save()
10 SYSTEMPATH/CodeIgniter.php(933): App\Controllers\News->create()
11 SYSTEMPATH/CodeIgniter.php(507): CodeIgniter\CodeIgniter->runController()
12 SYSTEMPATH/CodeIgniter.php(354): CodeIgniter\CodeIgniter->handleRequest()
13 SYSTEMPATH/Boot.php(334): CodeIgniter\CodeIgniter->run()
14 SYSTEMPATH/Boot.php(67): CodeIgniter\Boot::runCodeIgniter()
15 FCPATH/index.php(56): CodeIgniter\Boot::bootWeb()
DEBUG - 2025-11-28 12:17:26 --> Session: Class initialized using 'CodeIgniter\Session\Handlers\FileHandler' driver.
INFO - 2025-11-28 12:17:31 --> CSRF token verified.
DEBUG - 2025-11-28 12:27:46 --> Session: Class initialized using 'CodeIgniter\Session\Handlers\FileHandler' driver.
INFO - 2025-11-28 12:27:51 --> CSRF token verified.
CRITICAL - 2025-11-28 12:27:54 --> CodeIgniter\View\Exceptions\ViewException: Invalid file: "template/header.php"
[Method: GET, Route: news/del/11]
in SYSTEMPATH/Exceptions/FrameworkException.php on line 39.
 1 SYSTEMPATH/View/View.php(212): CodeIgniter\Exceptions\FrameworkException::forInvalidFile()
 2 SYSTEMPATH/Common.php(1173): CodeIgniter\View\View->render()
 3 APPPATH/Controllers/News.php(76): view()
 4 SYSTEMPATH/CodeIgniter.php(933): App\Controllers\News->delete()
 5 SYSTEMPATH/CodeIgniter.php(507): CodeIgniter\CodeIgniter->runController()
 6 SYSTEMPATH/CodeIgniter.php(354): CodeIgniter\CodeIgniter->handleRequest()
 7 SYSTEMPATH/Boot.php(334): CodeIgniter\CodeIgniter->run()
 8 SYSTEMPATH/Boot.php(67): CodeIgniter\Boot::runCodeIgniter()
 9 FCPATH/index.php(56): CodeIgniter\Boot::bootWeb()
CRITICAL - 2025-11-28 12:29:23 --> Error: Class "App\Controllers\PageNotFoundException" not found
[Method: GET, Route: news/del/11]
in APPPATH/Controllers/News.php on line 74.
 1 SYSTEMPATH/CodeIgniter.php(933): App\Controllers\News->delete()
 2 SYSTEMPATH/CodeIgniter.php(507): CodeIgniter\CodeIgniter->runController()
 3 SYSTEMPATH/CodeIgniter.php(354): CodeIgniter\CodeIgniter->handleRequest()
 4 SYSTEMPATH/Boot.php(334): CodeIgniter\CodeIgniter->run()
 5 SYSTEMPATH/Boot.php(67): CodeIgniter\Boot::runCodeIgniter()
 6 FCPATH/index.php(56): CodeIgniter\Boot::bootWeb()
DEBUG - 2025-11-28 12:29:47 --> Session: Class initialized using 'CodeIgniter\Session\Handlers\FileHandler' driver.
INFO - 2025-11-28 12:29:53 --> CSRF token verified.
INFO - 2025-11-28 12:29:59 --> CSRF token verified.
ERROR - 2025-11-28 12:29:59 --> mysqli_sql_exception: Duplicate entry 'prueba' for key 'news.slug' in /var/www/html/CodeIgniter/system/Database/MySQLi/Connection.php:327
Stack trace:
#0 /var/www/html/CodeIgniter/system/Database/MySQLi/Connection.php(327): mysqli->query()
#1 /var/www/html/CodeIgniter/system/Database/BaseConnection.php(738): CodeIgniter\Database\MySQLi\Connection->execute()
#2 /var/www/html/CodeIgniter/system/Database/BaseConnection.php(652): CodeIgniter\Database\BaseConnection->simpleQuery()
#3 /var/www/html/CodeIgniter/system/Database/BaseBuilder.php(2345): CodeIgniter\Database\BaseConnection->query()
#4 /var/www/html/CodeIgniter/system/Model.php(394): CodeIgniter\Database\BaseBuilder->insert()
#5 /var/www/html/CodeIgniter/system/BaseModel.php(839): CodeIgniter\Model->doInsert()
#6 /var/www/html/CodeIgniter/system/Model.php(800): CodeIgniter\BaseModel->insert()
#7 /var/www/html/CodeIgniter/system/BaseModel.php(750): CodeIgniter\Model->insert()
#8 /var/www/html/CodeIgniter/app/Controllers/News.php(52): CodeIgniter\BaseModel->save()
#9 /var/www/html/CodeIgniter/system/CodeIgniter.php(933): App\Controllers\News->create()
#10 /var/www/html/CodeIgniter/system/CodeIgniter.php(507): CodeIgniter\CodeIgniter->runController()
#11 /var/www/html/CodeIgniter/system/CodeIgniter.php(354): CodeIgniter\CodeIgniter->handleRequest()
#12 /var/www/html/CodeIgniter/system/Boot.php(334): CodeIgniter\CodeIgniter->run()
#13 /var/www/html/CodeIgniter/system/Boot.php(67): CodeIgniter\Boot::runCodeIgniter()
#14 /var/www/html/CodeIgniter/public/index.php(56): CodeIgniter\Boot::bootWeb()
#15 {main}
CRITICAL - 2025-11-28 12:29:59 --> CodeIgniter\Database\Exceptions\DatabaseException: Duplicate entry 'prueba' for key 'news.slug'
[Method: POST, Route: news]
in SYSTEMPATH/Database/BaseConnection.php on line 692.
 1 SYSTEMPATH/Database/BaseBuilder.php(2345): CodeIgniter\Database\BaseConnection->query()
 2 SYSTEMPATH/Model.php(394): CodeIgniter\Database\BaseBuilder->insert()
 3 SYSTEMPATH/BaseModel.php(839): CodeIgniter\Model->doInsert()
 4 SYSTEMPATH/Model.php(800): CodeIgniter\BaseModel->insert()
 5 SYSTEMPATH/BaseModel.php(750): CodeIgniter\Model->insert()
 6 APPPATH/Controllers/News.php(52): CodeIgniter\BaseModel->save()
 7 SYSTEMPATH/CodeIgniter.php(933): App\Controllers\News->create()
 8 SYSTEMPATH/CodeIgniter.php(507): CodeIgniter\CodeIgniter->runController()
 9 SYSTEMPATH/CodeIgniter.php(354): CodeIgniter\CodeIgniter->handleRequest()
10 SYSTEMPATH/Boot.php(334): CodeIgniter\CodeIgniter->run()
11 SYSTEMPATH/Boot.php(67): CodeIgniter\Boot::runCodeIgniter()
12 FCPATH/index.php(56): CodeIgniter\Boot::bootWeb()
CRITICAL - 2025-11-28 12:29:59 --> [Caused by] CodeIgniter\Database\Exceptions\DatabaseException: Duplicate entry 'prueba' for key 'news.slug'
in SYSTEMPATH/Database/MySQLi/Connection.php on line 332.
 1 SYSTEMPATH/Database/BaseConnection.php(738): CodeIgniter\Database\MySQLi\Connection->execute()
 2 SYSTEMPATH/Database/BaseConnection.php(652): CodeIgniter\Database\BaseConnection->simpleQuery()
 3 SYSTEMPATH/Database/BaseBuilder.php(2345): CodeIgniter\Database\BaseConnection->query()
 4 SYSTEMPATH/Model.php(394): CodeIgniter\Database\BaseBuilder->insert()
 5 SYSTEMPATH/BaseModel.php(839): CodeIgniter\Model->doInsert()
 6 SYSTEMPATH/Model.php(800): CodeIgniter\BaseModel->insert()
 7 SYSTEMPATH/BaseModel.php(750): CodeIgniter\Model->insert()
 8 APPPATH/Controllers/News.php(52): CodeIgniter\BaseModel->save()
 9 SYSTEMPATH/CodeIgniter.php(933): App\Controllers\News->create()
10 SYSTEMPATH/CodeIgniter.php(507): CodeIgniter\CodeIgniter->runController()
11 SYSTEMPATH/CodeIgniter.php(354): CodeIgniter\CodeIgniter->handleRequest()
12 SYSTEMPATH/Boot.php(334): CodeIgniter\CodeIgniter->run()
13 SYSTEMPATH/Boot.php(67): CodeIgniter\Boot::runCodeIgniter()
14 FCPATH/index.php(56): CodeIgniter\Boot::bootWeb()
CRITICAL - 2025-11-28 12:29:59 --> [Caused by] mysqli_sql_exception: Duplicate entry 'prueba' for key 'news.slug'
in SYSTEMPATH/Database/MySQLi/Connection.php on line 327.
 1 SYSTEMPATH/Database/MySQLi/Connection.php(327): mysqli->query()
 2 SYSTEMPATH/Database/BaseConnection.php(738): CodeIgniter\Database\MySQLi\Connection->execute()
 3 SYSTEMPATH/Database/BaseConnection.php(652): CodeIgniter\Database\BaseConnection->simpleQuery()
 4 SYSTEMPATH/Database/BaseBuilder.php(2345): CodeIgniter\Database\BaseConnection->query()
 5 SYSTEMPATH/Model.php(394): CodeIgniter\Database\BaseBuilder->insert()
 6 SYSTEMPATH/BaseModel.php(839): CodeIgniter\Model->doInsert()
 7 SYSTEMPATH/Model.php(800): CodeIgniter\BaseModel->insert()
 8 SYSTEMPATH/BaseModel.php(750): CodeIgniter\Model->insert()
 9 APPPATH/Controllers/News.php(52): CodeIgniter\BaseModel->save()
10 SYSTEMPATH/CodeIgniter.php(933): App\Controllers\News->create()
11 SYSTEMPATH/CodeIgniter.php(507): CodeIgniter\CodeIgniter->runController()
12 SYSTEMPATH/CodeIgniter.php(354): CodeIgniter\CodeIgniter->handleRequest()
13 SYSTEMPATH/Boot.php(334): CodeIgniter\CodeIgniter->run()
14 SYSTEMPATH/Boot.php(67): CodeIgniter\Boot::runCodeIgniter()
15 FCPATH/index.php(56): CodeIgniter\Boot::bootWeb()
CRITICAL - 2025-11-28 12:30:07 --> CodeIgniter\View\Exceptions\ViewException: Invalid file: "template/header.php"
[Method: GET, Route: news/del/12]
in SYSTEMPATH/Exceptions/FrameworkException.php on line 39.
 1 SYSTEMPATH/View/View.php(212): CodeIgniter\Exceptions\FrameworkException::forInvalidFile()
 2 SYSTEMPATH/Common.php(1173): CodeIgniter\View\View->render()
 3 APPPATH/Controllers/News.php(77): view()
 4 SYSTEMPATH/CodeIgniter.php(933): App\Controllers\News->delete()
 5 SYSTEMPATH/CodeIgniter.php(507): CodeIgniter\CodeIgniter->runController()
 6 SYSTEMPATH/CodeIgniter.php(354): CodeIgniter\CodeIgniter->handleRequest()
 7 SYSTEMPATH/Boot.php(334): CodeIgniter\CodeIgniter->run()
 8 SYSTEMPATH/Boot.php(67): CodeIgniter\Boot::runCodeIgniter()
 9 FCPATH/index.php(56): CodeIgniter\Boot::bootWeb()
CRITICAL - 2025-11-28 12:32:39 --> Error: Class "App\Controllers\PageNotFoundException" not found
[Method: GET, Route: news/del/12]
in APPPATH/Controllers/News.php on line 74.
 1 SYSTEMPATH/CodeIgniter.php(933): App\Controllers\News->delete()
 2 SYSTEMPATH/CodeIgniter.php(507): CodeIgniter\CodeIgniter->runController()
 3 SYSTEMPATH/CodeIgniter.php(354): CodeIgniter\CodeIgniter->handleRequest()
 4 SYSTEMPATH/Boot.php(334): CodeIgniter\CodeIgniter->run()
 5 SYSTEMPATH/Boot.php(67): CodeIgniter\Boot::runCodeIgniter()
 6 FCPATH/index.php(56): CodeIgniter\Boot::bootWeb()
DEBUG - 2025-11-28 12:32:48 --> Session: Class initialized using 'CodeIgniter\Session\Handlers\FileHandler' driver.
DEBUG - 2025-11-28 12:32:52 --> Session: Class initialized using 'CodeIgniter\Session\Handlers\FileHandler' driver.
DEBUG - 2025-11-28 12:33:10 --> Session: Class initialized using 'CodeIgniter\Session\Handlers\FileHandler' driver.
INFO - 2025-11-28 12:33:15 --> CSRF token verified.
DEBUG - 2025-11-28 12:33:50 --> Session: Class initialized using 'CodeIgniter\Session\Handlers\FileHandler' driver.
INFO - 2025-11-28 12:33:54 --> CSRF token verified.
CRITICAL - 2025-11-28 12:33:57 --> CodeIgniter\View\Exceptions\ViewException: Invalid file: "template/header.php"
[Method: GET, Route: news/del/15]
in SYSTEMPATH/Exceptions/FrameworkException.php on line 39.
 1 SYSTEMPATH/View/View.php(212): CodeIgniter\Exceptions\FrameworkException::forInvalidFile()
 2 SYSTEMPATH/Common.php(1173): CodeIgniter\View\View->render()
 3 APPPATH/Controllers/News.php(77): view()
 4 SYSTEMPATH/CodeIgniter.php(933): App\Controllers\News->delete()
 5 SYSTEMPATH/CodeIgniter.php(507): CodeIgniter\CodeIgniter->runController()
 6 SYSTEMPATH/CodeIgniter.php(354): CodeIgniter\CodeIgniter->handleRequest()
 7 SYSTEMPATH/Boot.php(334): CodeIgniter\CodeIgniter->run()
 8 SYSTEMPATH/Boot.php(67): CodeIgniter\Boot::runCodeIgniter()
 9 FCPATH/index.php(56): CodeIgniter\Boot::bootWeb()
CRITICAL - 2025-11-28 12:35:00 --> Error: Class "App\Controllers\PageNotFoundException" not found
[Method: GET, Route: news/del/15]
in APPPATH/Controllers/News.php on line 74.
 1 SYSTEMPATH/CodeIgniter.php(933): App\Controllers\News->delete()
 2 SYSTEMPATH/CodeIgniter.php(507): CodeIgniter\CodeIgniter->runController()
 3 SYSTEMPATH/CodeIgniter.php(354): CodeIgniter\CodeIgniter->handleRequest()
 4 SYSTEMPATH/Boot.php(334): CodeIgniter\CodeIgniter->run()
 5 SYSTEMPATH/Boot.php(67): CodeIgniter\Boot::runCodeIgniter()
 6 FCPATH/index.php(56): CodeIgniter\Boot::bootWeb()
CRITICAL - 2025-11-28 12:43:58 --> CodeIgniter\Exceptions\BadMethodCallException: Call to undefined method App\Models\NewsModel::getById
[Method: GET, Route: news/update/3]
in SYSTEMPATH/Model.php on line 930.
 1 APPPATH/Controllers/News.php(95): CodeIgniter\Model->__call()
 2 SYSTEMPATH/CodeIgniter.php(933): App\Controllers\News->update()
 3 SYSTEMPATH/CodeIgniter.php(507): CodeIgniter\CodeIgniter->runController()
 4 SYSTEMPATH/CodeIgniter.php(354): CodeIgniter\CodeIgniter->handleRequest()
 5 SYSTEMPATH/Boot.php(334): CodeIgniter\CodeIgniter->run()
 6 SYSTEMPATH/Boot.php(67): CodeIgniter\Boot::runCodeIgniter()
 7 FCPATH/index.php(56): CodeIgniter\Boot::bootWeb()
CRITICAL - 2025-11-28 12:45:50 --> CodeIgniter\Exceptions\BadMethodCallException: Call to undefined method App\Models\NewsModel::getById
[Method: GET, Route: news/update/3]
in SYSTEMPATH/Model.php on line 930.
 1 APPPATH/Controllers/News.php(95): CodeIgniter\Model->__call()
 2 SYSTEMPATH/CodeIgniter.php(933): App\Controllers\News->update()
 3 SYSTEMPATH/CodeIgniter.php(507): CodeIgniter\CodeIgniter->runController()
 4 SYSTEMPATH/CodeIgniter.php(354): CodeIgniter\CodeIgniter->handleRequest()
 5 SYSTEMPATH/Boot.php(334): CodeIgniter\CodeIgniter->run()
 6 SYSTEMPATH/Boot.php(67): CodeIgniter\Boot::runCodeIgniter()
 7 FCPATH/index.php(56): CodeIgniter\Boot::bootWeb()
CRITICAL - 2025-11-28 12:48:37 --> CodeIgniter\Exceptions\BadMethodCallException: Call to undefined method App\Models\NewsModel::getById
[Method: GET, Route: news/update/1]
in SYSTEMPATH/Model.php on line 930.
 1 APPPATH/Controllers/News.php(95): CodeIgniter\Model->__call()
 2 SYSTEMPATH/CodeIgniter.php(933): App\Controllers\News->update()
 3 SYSTEMPATH/CodeIgniter.php(507): CodeIgniter\CodeIgniter->runController()
 4 SYSTEMPATH/CodeIgniter.php(354): CodeIgniter\CodeIgniter->handleRequest()
 5 SYSTEMPATH/Boot.php(334): CodeIgniter\CodeIgniter->run()
 6 SYSTEMPATH/Boot.php(67): CodeIgniter\Boot::runCodeIgniter()
 7 FCPATH/index.php(56): CodeIgniter\Boot::bootWeb()
CRITICAL - 2025-11-28 12:50:43 --> CodeIgniter\View\Exceptions\ViewException: Invalid file: "template/header.php"
[Method: GET, Route: news/update/1]
in SYSTEMPATH/Exceptions/FrameworkException.php on line 39.
 1 SYSTEMPATH/View/View.php(212): CodeIgniter\Exceptions\FrameworkException::forInvalidFile()
 2 SYSTEMPATH/Common.php(1173): CodeIgniter\View\View->render()
 3 APPPATH/Controllers/News.php(102): view()
 4 SYSTEMPATH/CodeIgniter.php(933): App\Controllers\News->update()
 5 SYSTEMPATH/CodeIgniter.php(507): CodeIgniter\CodeIgniter->runController()
 6 SYSTEMPATH/CodeIgniter.php(354): CodeIgniter\CodeIgniter->handleRequest()
 7 SYSTEMPATH/Boot.php(334): CodeIgniter\CodeIgniter->run()
 8 SYSTEMPATH/Boot.php(67): CodeIgniter\Boot::runCodeIgniter()
 9 FCPATH/index.php(56): CodeIgniter\Boot::bootWeb()
CRITICAL - 2025-11-28 12:51:22 --> CodeIgniter\View\Exceptions\ViewException: Invalid file: "template/header.php"
[Method: GET, Route: news/update/1]
in SYSTEMPATH/Exceptions/FrameworkException.php on line 39.
 1 SYSTEMPATH/View/View.php(212): CodeIgniter\Exceptions\FrameworkException::forInvalidFile()
 2 SYSTEMPATH/Common.php(1173): CodeIgniter\View\View->render()
 3 APPPATH/Controllers/News.php(102): view()
 4 SYSTEMPATH/CodeIgniter.php(933): App\Controllers\News->update()
 5 SYSTEMPATH/CodeIgniter.php(507): CodeIgniter\CodeIgniter->runController()
 6 SYSTEMPATH/CodeIgniter.php(354): CodeIgniter\CodeIgniter->handleRequest()
 7 SYSTEMPATH/Boot.php(334): CodeIgniter\CodeIgniter->run()
 8 SYSTEMPATH/Boot.php(67): CodeIgniter\Boot::runCodeIgniter()
 9 FCPATH/index.php(56): CodeIgniter\Boot::bootWeb()
DEBUG - 2025-11-28 12:52:00 --> Session: Class initialized using 'CodeIgniter\Session\Handlers\FileHandler' driver.
CRITICAL - 2025-11-28 12:52:00 --> ErrorException: Undefined array key "id"
[Method: GET, Route: news/update/1]
in APPPATH/Views/news/update.php on line 9.
 1 APPPATH/Views/news/update.php(9): CodeIgniter\Debug\Exceptions->errorHandler()
 2 SYSTEMPATH/View/View.php(224): include('/var/www/html/CodeIgniter/app/Views/news/update.php')
 3 SYSTEMPATH/View/View.php(227): CodeIgniter\View\View->{closure:CodeIgniter\View\View::render():221}()
 4 SYSTEMPATH/Common.php(1173): CodeIgniter\View\View->render()
 5 APPPATH/Controllers/News.php(103): view()
 6 SYSTEMPATH/CodeIgniter.php(933): App\Controllers\News->update()
 7 SYSTEMPATH/CodeIgniter.php(507): CodeIgniter\CodeIgniter->runController()
 8 SYSTEMPATH/CodeIgniter.php(354): CodeIgniter\CodeIgniter->handleRequest()
 9 SYSTEMPATH/Boot.php(334): CodeIgniter\CodeIgniter->run()
10 SYSTEMPATH/Boot.php(67): CodeIgniter\Boot::runCodeIgniter()
11 FCPATH/index.php(56): CodeIgniter\Boot::bootWeb()
DEBUG - 2025-11-28 12:52:32 --> Session: Class initialized using 'CodeIgniter\Session\Handlers\FileHandler' driver.
